This is pdfTeX, Version 3.141592653-2.6-1.40.23 (MiKTeX 21.8) (preloaded format=pdflatex 2021.10.1)  3 OCT 2021 10:44
entering extended mode
**./Rmd-ex-paper-more-03Oct2021.tex
(Rmd-ex-paper-more-03Oct2021.tex
LaTeX2e <2021-06-01> patch level 1
L3 programming layer <2021-08-27> (C:\Users\root\miktex29\tex/latex/base\articl
e.cls
Document Class: article 2021/02/12 v1.4n Standard LaTeX document class
(C:\Users\root\miktex29\tex/latex/base\size10.clo
File: size10.clo 2021/02/12 v1.4n Standard LaTeX file (size option)
)
\c@part=\count182
\c@section=\count183
\c@subsection=\count184
\c@subsubsection=\count185
\c@paragraph=\count186
\c@subparagraph=\count187
\c@figure=\count188
\c@table=\count189
\abovecaptionskip=\skip47
\belowcaptionskip=\skip48
\bibindent=\dimen138
) (C:\Users\root\miktex29\tex/latex/amsmath\amsmath.sty
Package: amsmath 2021/04/20 v2.17j AMS math features
\@mathmargin=\skip49
For additional information on amsmath, use the `?' option.
(C:\Users\root\miktex29\tex/latex/amsmath\amstext.sty
Package: amstext 2000/06/29 v2.01 AMS text
(C:\Users\root\miktex29\tex/latex/amsmath\amsgen.sty
File: amsgen.sty 1999/11/30 v2.0 generic functions
\@emptytoks=\toks16
\ex@=\dimen139
)) (C:\Users\root\miktex29\tex/latex/amsmath\amsbsy.sty
Package: amsbsy 1999/11/29 v1.2d Bold Symbols
\pmbraise@=\dimen140
) (C:\Users\root\miktex29\tex/latex/amsmath\amsopn.sty
Package: amsopn 2016/03/08 v2.02 operator names
)
\inf@bad=\count190
LaTeX Info: Redefining \frac on input line 234.
\uproot@=\count191
\leftroot@=\count192
LaTeX Info: Redefining \overline on input line 399.
\classnum@=\count193
\DOTSCASE@=\count194
LaTeX Info: Redefining \ldots on input line 496.
LaTeX Info: Redefining \dots on input line 499.
LaTeX Info: Redefining \cdots on input line 620.
\Mathstrutbox@=\box50
\strutbox@=\box51
\big@size=\dimen141
LaTeX Font Info:    Redeclaring font encoding OML on input line 743.
LaTeX Font Info:    Redeclaring font encoding OMS on input line 744.
\macc@depth=\count195
\c@MaxMatrixCols=\count196
\dotsspace@=\muskip16
\c@parentequation=\count197
\dspbrk@lvl=\count198
\tag@help=\toks17
\row@=\count199
\column@=\count266
\maxfields@=\count267
\andhelp@=\toks18
\eqnshift@=\dimen142
\alignsep@=\dimen143
\tagshift@=\dimen144
\tagwidth@=\dimen145
\totwidth@=\dimen146
\lineht@=\dimen147
\@envbody=\toks19
\multlinegap=\skip50
\multlinetaggap=\skip51
\mathdisplay@stack=\toks20
LaTeX Info: Redefining \[ on input line 2923.
LaTeX Info: Redefining \] on input line 2924.
) (C:\Users\root\miktex29\tex/latex/amsfonts\amssymb.sty
Package: amssymb 2013/01/14 v3.01 AMS font symbols
(C:\Users\root\miktex29\tex/latex/amsfonts\amsfonts.sty
Package: amsfonts 2013/01/14 v3.01 Basic AMSFonts support
\symAMSa=\mathgroup4
\symAMSb=\mathgroup5
LaTeX Font Info:    Redeclaring math symbol \hbar on input line 98.
LaTeX Font Info:    Overwriting math alphabet `\mathfrak' in version `bold'
(Font)                  U/euf/m/n --> U/euf/b/n on input line 106.
)) (C:\Users\root\miktex29\tex/latex/lm\lmodern.sty
Package: lmodern 2009/10/30 v1.6 Latin Modern Fonts
LaTeX Font Info:    Overwriting symbol font `operators' in version `normal'
(Font)                  OT1/cmr/m/n --> OT1/lmr/m/n on input line 22.
LaTeX Font Info:    Overwriting symbol font `letters' in version `normal'
(Font)                  OML/cmm/m/it --> OML/lmm/m/it on input line 23.
LaTeX Font Info:    Overwriting symbol font `symbols' in version `normal'
(Font)                  OMS/cmsy/m/n --> OMS/lmsy/m/n on input line 24.
LaTeX Font Info:    Overwriting symbol font `largesymbols' in version `normal'
(Font)                  OMX/cmex/m/n --> OMX/lmex/m/n on input line 25.
LaTeX Font Info:    Overwriting symbol font `operators' in version `bold'
(Font)                  OT1/cmr/bx/n --> OT1/lmr/bx/n on input line 26.
LaTeX Font Info:    Overwriting symbol font `letters' in version `bold'
(Font)                  OML/cmm/b/it --> OML/lmm/b/it on input line 27.
LaTeX Font Info:    Overwriting symbol font `symbols' in version `bold'
(Font)                  OMS/cmsy/b/n --> OMS/lmsy/b/n on input line 28.
LaTeX Font Info:    Overwriting symbol font `largesymbols' in version `bold'
(Font)                  OMX/cmex/m/n --> OMX/lmex/m/n on input line 29.
LaTeX Font Info:    Overwriting math alphabet `\mathbf' in version `normal'
(Font)                  OT1/cmr/bx/n --> OT1/lmr/bx/n on input line 31.
LaTeX Font Info:    Overwriting math alphabet `\mathsf' in version `normal'
(Font)                  OT1/cmss/m/n --> OT1/lmss/m/n on input line 32.
LaTeX Font Info:    Overwriting math alphabet `\mathit' in version `normal'
(Font)                  OT1/cmr/m/it --> OT1/lmr/m/it on input line 33.
LaTeX Font Info:    Overwriting math alphabet `\mathtt' in version `normal'
(Font)                  OT1/cmtt/m/n --> OT1/lmtt/m/n on input line 34.
LaTeX Font Info:    Overwriting math alphabet `\mathbf' in version `bold'
(Font)                  OT1/cmr/bx/n --> OT1/lmr/bx/n on input line 35.
LaTeX Font Info:    Overwriting math alphabet `\mathsf' in version `bold'
(Font)                  OT1/cmss/bx/n --> OT1/lmss/bx/n on input line 36.
LaTeX Font Info:    Overwriting math alphabet `\mathit' in version `bold'
(Font)                  OT1/cmr/bx/it --> OT1/lmr/bx/it on input line 37.
LaTeX Font Info:    Overwriting math alphabet `\mathtt' in version `bold'
(Font)                  OT1/cmtt/m/n --> OT1/lmtt/m/n on input line 38.
) (C:\Users\root\miktex29\tex/generic/iftex\ifxetex.sty
Package: ifxetex 2019/10/25 v0.7 ifxetex legacy package. Use iftex instead.
(C:\Users\root\miktex29\tex/generic/iftex\iftex.sty
Package: iftex 2020/03/06 v1.0d TeX engine tests
)) (C:\Users\root\miktex29\tex/generic/iftex\ifluatex.sty
Package: ifluatex 2019/10/25 v1.5 ifluatex legacy package. Use iftex instead.
) (C:\Users\root\miktex29\tex/latex/base\fontenc.sty
Package: fontenc 2021/04/29 v2.0v Standard LaTeX package
LaTeX Font Info:    Trying to load font information for T1+lmr on input line 11
2.
(C:\Users\root\miktex29\tex/latex/lm\t1lmr.fd
File: t1lmr.fd 2009/10/30 v1.6 Font defs for Latin Modern
)) (C:\Users\root\miktex29\tex/latex/base\inputenc.sty
Package: inputenc 2021/02/14 v1.3d Input encoding file
\inpenc@prehook=\toks21
\inpenc@posthook=\toks22
) (C:\Users\root\miktex29\tex/latex/base\textcomp.sty
Package: textcomp 2020/02/02 v2.0n Standard LaTeX package
) (C:\Users\root\miktex29\tex/latex/upquote\upquote.sty
Package: upquote 2012/04/19 v1.3 upright-quote and grave-accent glyphs in verba
tim
) (C:\Users\root\miktex29\tex/latex/microtype\microtype.sty
Package: microtype 2021/03/14 v2.8c Micro-typographical refinements (RS)
(C:\Users\root\miktex29\tex/latex/graphics\keyval.sty
Package: keyval 2014/10/28 v1.15 key=value parser (DPC)
\KV@toks@=\toks23
)
\MT@toks=\toks24
\MT@count=\count268
LaTeX Info: Redefining \textls on input line 790.
\MT@outer@kern=\dimen148
LaTeX Info: Redefining \textmicrotypecontext on input line 1374.
\MT@listname@count=\count269
(C:\Users\root\miktex29\tex/latex/microtype\microtype-pdftex.def
File: microtype-pdftex.def 2021/03/14 v2.8c Definitions specific to pdftex (RS)

LaTeX Info: Redefining \lsstyle on input line 915.
LaTeX Info: Redefining \lslig on input line 915.
\MT@outer@space=\skip52
)
Package microtype Info: Loading configuration file microtype.cfg.
(C:\Users\root\miktex29\tex/latex/microtype\microtype.cfg
File: microtype.cfg 2021/03/14 v2.8c microtype main configuration file (RS)
)) (C:\Users\root\miktex29\tex/latex/parskip\parskip.sty
Package: parskip 2021-03-14 v2.0h non-zero parskip adjustments
(C:\Users\root\miktex29\tex/latex/kvoptions\kvoptions.sty
Package: kvoptions 2020-10-07 v3.14 Key value format for package options (HO)
(C:\Users\root\miktex29\tex/generic/ltxcmds\ltxcmds.sty
Package: ltxcmds 2020-05-10 v1.25 LaTeX kernel commands for general use (HO)
) (C:\Users\root\miktex29\tex/generic/kvsetkeys\kvsetkeys.sty
Package: kvsetkeys 2019/12/15 v1.18 Key value parser (HO)
)) (C:\Users\root\miktex29\tex/latex/etoolbox\etoolbox.sty
Package: etoolbox 2020/10/05 v2.5k e-TeX tools for LaTeX (JAW)
\etb@tempcnta=\count270
)) (C:\Users\root\miktex29\tex/latex/xcolor\xcolor.sty
Package: xcolor 2016/05/11 v2.12 LaTeX color extensions (UK)
(C:\Users\root\miktex29\tex/latex/graphics-cfg\color.cfg
File: color.cfg 2016/01/02 v1.6 sample color configuration
)
Package xcolor Info: Driver file: pdftex.def on input line 225.
(C:\Users\root\miktex29\tex/latex/graphics-def\pdftex.def
File: pdftex.def 2020/10/05 v1.2a Graphics/color driver for pdftex
)
Package xcolor Info: Model `cmy' substituted by `cmy0' on input line 1348.
Package xcolor Info: Model `hsb' substituted by `rgb' on input line 1352.
Package xcolor Info: Model `RGB' extended on input line 1364.
Package xcolor Info: Model `HTML' substituted by `rgb' on input line 1366.
Package xcolor Info: Model `Hsb' substituted by `hsb' on input line 1367.
Package xcolor Info: Model `tHsb' substituted by `hsb' on input line 1368.
Package xcolor Info: Model `HSB' substituted by `hsb' on input line 1369.
Package xcolor Info: Model `Gray' substituted by `gray' on input line 1370.
Package xcolor Info: Model `wave' substituted by `hsb' on input line 1371.
) (C:\Users\root\miktex29\tex/latex/xurl\xurl.sty
Package: xurl 2020/12/30 v 0.09a modify URL breaks
(C:\Users\root\miktex29\tex/latex/url\url.sty
\Urlmuskip=\muskip17
Package: url 2013/09/16  ver 3.4  Verb mode for urls, etc.
)) (C:\Users\root\miktex29\tex/latex/bookmark\bookmark.sty
Package: bookmark 2020-11-06 v1.29 PDF bookmarks (HO)
(C:\Users\root\miktex29\tex/latex/hyperref\hyperref.sty
Package: hyperref 2021-06-07 v7.00m Hypertext links for LaTeX
(C:\Users\root\miktex29\tex/generic/pdftexcmds\pdftexcmds.sty
Package: pdftexcmds 2020-06-27 v0.33 Utility functions of pdfTeX for LuaTeX (HO
)
(C:\Users\root\miktex29\tex/generic/infwarerr\infwarerr.sty
Package: infwarerr 2019/12/03 v1.5 Providing info/warning/error messages (HO)
)
Package pdftexcmds Info: \pdf@primitive is available.
Package pdftexcmds Info: \pdf@ifprimitive is available.
Package pdftexcmds Info: \pdfdraftmode found.
) (C:\Users\root\miktex29\tex/generic/kvdefinekeys\kvdefinekeys.sty
Package: kvdefinekeys 2019-12-19 v1.6 Define keys (HO)
) (C:\Users\root\miktex29\tex/generic/pdfescape\pdfescape.sty
Package: pdfescape 2019/12/09 v1.15 Implements pdfTeX's escape features (HO)
) (C:\Users\root\miktex29\tex/latex/hycolor\hycolor.sty
Package: hycolor 2020-01-27 v1.10 Color options for hyperref/bookmark (HO)
) (C:\Users\root\miktex29\tex/latex/letltxmacro\letltxmacro.sty
Package: letltxmacro 2019/12/03 v1.6 Let assignment for LaTeX macros (HO)
) (C:\Users\root\miktex29\tex/latex/auxhook\auxhook.sty
Package: auxhook 2019-12-17 v1.6 Hooks for auxiliary files (HO)
)
\@linkdim=\dimen149
\Hy@linkcounter=\count271
\Hy@pagecounter=\count272
(C:\Users\root\miktex29\tex/latex/hyperref\pd1enc.def
File: pd1enc.def 2021-06-07 v7.00m Hyperref: PDFDocEncoding definition (HO)
Now handling font encoding PD1 ...
... no UTF-8 mapping file for font encoding PD1
) (C:\Users\root\miktex29\tex/latex/hyperref\hyperref-langpatches.def
File: hyperref-langpatches.def 2021-06-07 v7.00m Hyperref: patches for babel la
nguages
) (C:\Users\root\miktex29\tex/generic/intcalc\intcalc.sty
Package: intcalc 2019/12/15 v1.3 Expandable calculations with integers (HO)
) (C:\Users\root\miktex29\tex/generic/etexcmds\etexcmds.sty
Package: etexcmds 2019/12/15 v1.7 Avoid name clashes with e-TeX commands (HO)
)
\Hy@SavedSpaceFactor=\count273
(C:\Users\root\miktex29\tex/latex/hyperref\puenc.def
File: puenc.def 2021-06-07 v7.00m Hyperref: PDF Unicode definition (HO)
Now handling font encoding PU ...
... no UTF-8 mapping file for font encoding PU
)
Package hyperref Info: Option `unicode' set `true' on input line 4073.
Package hyperref Info: Hyper figures OFF on input line 4192.
Package hyperref Info: Link nesting OFF on input line 4197.
Package hyperref Info: Hyper index ON on input line 4200.
Package hyperref Info: Plain pages OFF on input line 4207.
Package hyperref Info: Backreferencing OFF on input line 4212.
Package hyperref Info: Implicit mode ON; LaTeX internals redefined.
Package hyperref Info: Bookmarks ON on input line 4445.
\c@Hy@tempcnt=\count274
LaTeX Info: Redefining \url on input line 4804.
\XeTeXLinkMargin=\dimen150
(C:\Users\root\miktex29\tex/generic/bitset\bitset.sty
Package: bitset 2019/12/09 v1.3 Handle bit-vector datatype (HO)
(C:\Users\root\miktex29\tex/generic/bigintcalc\bigintcalc.sty
Package: bigintcalc 2019/12/15 v1.5 Expandable calculations on big integers (HO
)
))
\Fld@menulength=\count275
\Field@Width=\dimen151
\Fld@charsize=\dimen152
Package hyperref Info: Hyper figures OFF on input line 6076.
Package hyperref Info: Link nesting OFF on input line 6081.
Package hyperref Info: Hyper index ON on input line 6084.
Package hyperref Info: backreferencing OFF on input line 6091.
Package hyperref Info: Link coloring OFF on input line 6096.
Package hyperref Info: Link coloring with OCG OFF on input line 6101.
Package hyperref Info: PDF/A mode OFF on input line 6106.
LaTeX Info: Redefining \ref on input line 6146.
LaTeX Info: Redefining \pageref on input line 6150.
(C:\Users\root\miktex29\tex/latex/base\atbegshi-ltx.sty
Package: atbegshi-ltx 2021/01/10 v1.0c Emulation of the original atbegshi
package with kernel methods
)
\Hy@abspage=\count276
\c@Item=\count277
\c@Hfootnote=\count278
)
Package hyperref Info: Driver (autodetected): hpdftex.
(C:\Users\root\miktex29\tex/latex/hyperref\hpdftex.def
File: hpdftex.def 2021-06-07 v7.00m Hyperref driver for pdfTeX
(C:\Users\root\miktex29\tex/latex/base\atveryend-ltx.sty
Package: atveryend-ltx 2020/08/19 v1.0a Emulation of the original atvery packag
e
with kernel methods
)
\Fld@listcount=\count279
\c@bookmark@seq@number=\count280
(C:\Users\root\miktex29\tex/latex/rerunfilecheck\rerunfilecheck.sty
Package: rerunfilecheck 2019/12/05 v1.9 Rerun checks for auxiliary files (HO)
(C:\Users\root\miktex29\tex/generic/uniquecounter\uniquecounter.sty
Package: uniquecounter 2019/12/15 v1.4 Provide unlimited unique counter (HO)
)
Package uniquecounter Info: New unique counter `rerunfilecheck' on input line 2
86.
)
\Hy@SectionHShift=\skip53
) (C:\Users\root\miktex29\tex/latex/bookmark\bkm-pdftex.def
File: bkm-pdftex.def 2020-11-06 v1.29 bookmark driver for pdfTeX (HO)
\BKM@id=\count281
)) (C:\Users\root\miktex29\tex/latex/geometry\geometry.sty
Package: geometry 2020/01/02 v5.9 Page Geometry
(C:\Users\root\miktex29\tex/generic/iftex\ifvtex.sty
Package: ifvtex 2019/10/25 v1.7 ifvtex legacy package. Use iftex instead.
)
\Gm@cnth=\count282
\Gm@cntv=\count283
\c@Gm@tempcnt=\count284
\Gm@bindingoffset=\dimen153
\Gm@wd@mp=\dimen154
\Gm@odd@mp=\dimen155
\Gm@even@mp=\dimen156
\Gm@layoutwidth=\dimen157
\Gm@layoutheight=\dimen158
\Gm@layouthoffset=\dimen159
\Gm@layoutvoffset=\dimen160
\Gm@dimlist=\toks25
(C:\Users\root\miktex29\tex/latex/geometry\geometry.cfg)) (C:\Users\root\miktex
29\tex/latex/fancyvrb\fancyvrb.sty
Package: fancyvrb 2021/08/12 v3.8 verbatim text (tvz,hv)
\FV@CodeLineNo=\count285
\FV@InFile=\read2
\FV@TabBox=\box52
\c@FancyVerbLine=\count286
\FV@StepNumber=\count287
\FV@OutFile=\write3
) (C:\Users\root\miktex29\tex/latex/framed\framed.sty
Package: framed 2011/10/22 v 0.96: framed or shaded text with page breaks
\OuterFrameSep=\skip54
\fb@frw=\dimen161
\fb@frh=\dimen162
\FrameRule=\dimen163
\FrameSep=\dimen164
) (C:\Users\root\miktex29\tex/latex/tools\longtable.sty
Package: longtable 2021-05-07 v4.16 Multi-page Table package (DPC)
\LTleft=\skip55
\LTright=\skip56
\LTpre=\skip57
\LTpost=\skip58
\LTchunksize=\count288
\LTcapwidth=\dimen165
\LT@head=\box53
\LT@firsthead=\box54
\LT@foot=\box55
\LT@lastfoot=\box56
\LT@gbox=\box57
\LT@cols=\count289
\LT@rows=\count290
\c@LT@tables=\count291
\c@LT@chunks=\count292
\LT@p@ftn=\toks26
) (C:\Users\root\miktex29\tex/latex/booktabs\booktabs.sty
Package: booktabs 2020/01/12 v1.61803398 Publication quality tables
\heavyrulewidth=\dimen166
\lightrulewidth=\dimen167
\cmidrulewidth=\dimen168
\belowrulesep=\dimen169
\belowbottomsep=\dimen170
\aboverulesep=\dimen171
\abovetopsep=\dimen172
\cmidrulesep=\dimen173
\cmidrulekern=\dimen174
\defaultaddspace=\dimen175
\@cmidla=\count293
\@cmidlb=\count294
\@aboverulesep=\dimen176
\@belowrulesep=\dimen177
\@thisruleclass=\count295
\@lastruleclass=\count296
\@thisrulewidth=\dimen178
) (C:\Users\root\miktex29\tex/latex/tools\array.sty
Package: array 2021/04/20 v2.5e Tabular extension package (FMi)
\col@sep=\dimen179
\ar@mcellbox=\box58
\extrarowheight=\dimen180
\NC@list=\toks27
\extratabsurround=\skip59
\backup@length=\skip60
\ar@cellbox=\box59
) (C:\Users\root\miktex29\tex/latex/tools\calc.sty
Package: calc 2017/05/25 v4.3 Infix arithmetic (KKT,FJ)
\calc@Acount=\count297
\calc@Bcount=\count298
\calc@Adimen=\dimen181
\calc@Bdimen=\dimen182
\calc@Askip=\skip61
\calc@Bskip=\skip62
LaTeX Info: Redefining \setlength on input line 80.
LaTeX Info: Redefining \addtolength on input line 81.
\calc@Ccount=\count299
\calc@Cskip=\skip63
) (C:\Users\root\miktex29\tex/latex/footnotehyper\footnotehyper.sty
Package: footnotehyper 2021/08/13 v1.1e hyperref aware footnote.sty (JFB)
\FNH@notes=\box60
\FNH@width=\dimen183
\FNH@toks=\toks28
) (C:\Users\root\miktex29\tex/latex/graphics\graphicx.sty
Package: graphicx 2020/12/05 v1.2c Enhanced LaTeX Graphics (DPC,SPQR)
(C:\Users\root\miktex29\tex/latex/graphics\graphics.sty
Package: graphics 2021/03/04 v1.4d Standard LaTeX Graphics (DPC,SPQR)
(C:\Users\root\miktex29\tex/latex/graphics\trig.sty
Package: trig 2016/01/03 v1.10 sin cos tan (DPC)
) (C:\Users\root\miktex29\tex/latex/graphics-cfg\graphics.cfg
File: graphics.cfg 2016/06/04 v1.11 sample graphics configuration
)
Package graphics Info: Driver file: pdftex.def on input line 107.
)
\Gin@req@height=\dimen184
\Gin@req@width=\dimen185
) (C:\Users\root\miktex29\tex/latex/l3backend\l3backend-pdftex.def
File: l3backend-pdftex.def 2021-08-04 L3 backend support: PDF output (pdfTeX)
\l__color_backend_stack_int=\count300
\l__pdf_internal_box=\box61
) (Rmd-ex-paper-more-03Oct2021.aux)
\openout1 = `Rmd-ex-paper-more-03Oct2021.aux'.

LaTeX Font Info:    Checking defaults for OML/cmm/m/it on input line 120.
LaTeX Font Info:    ... okay on input line 120.
LaTeX Font Info:    Checking defaults for OMS/cmsy/m/n on input line 120.
LaTeX Font Info:    ... okay on input line 120.
LaTeX Font Info:    Checking defaults for OT1/cmr/m/n on input line 120.
LaTeX Font Info:    ... okay on input line 120.
LaTeX Font Info:    Checking defaults for T1/cmr/m/n on input line 120.
LaTeX Font Info:    ... okay on input line 120.
LaTeX Font Info:    Checking defaults for TS1/cmr/m/n on input line 120.
LaTeX Font Info:    ... okay on input line 120.
LaTeX Font Info:    Checking defaults for OMX/cmex/m/n on input line 120.
LaTeX Font Info:    ... okay on input line 120.
LaTeX Font Info:    Checking defaults for U/cmr/m/n on input line 120.
LaTeX Font Info:    ... okay on input line 120.
LaTeX Font Info:    Checking defaults for PD1/pdf/m/n on input line 120.
LaTeX Font Info:    ... okay on input line 120.
LaTeX Font Info:    Checking defaults for PU/pdf/m/n on input line 120.
LaTeX Font Info:    ... okay on input line 120.
LaTeX Info: Redefining \microtypecontext on input line 120.
Package microtype Info: Generating PDF output.
Package microtype Info: Character protrusion enabled (level 2).
Package microtype Info: Using protrusion set `basicmath'.
Package microtype Info: Automatic font expansion enabled (level 2),
(microtype)             stretch: 20, shrink: 20, step: 1, non-selected.
Package microtype Info: Using default expansion set `alltext-nott'.
LaTeX Info: Redefining \showhyphens on input line 120.
Package microtype Info: No adjustment of tracking.
Package microtype Info: No adjustment of interword spacing.
Package microtype Info: No adjustment of character kerning.
(C:\Users\root\miktex29\tex/latex/microtype\mt-cmr.cfg
File: mt-cmr.cfg 2013/05/19 v2.2 microtype config. file: Computer Modern Roman 
(RS)
) (C:\Users\root\miktex29\tex/context/base/mkii\supp-pdf.mkii
[Loading MPS to PDF converter (version 2006.09.02).]
\scratchcounter=\count301
\scratchdimen=\dimen186
\scratchbox=\box62
\nofMPsegments=\count302
\nofMParguments=\count303
\everyMPshowfont=\toks29
\MPscratchCnt=\count304
\MPscratchDim=\dimen187
\MPnumerator=\count305
\makeMPintoPDFobject=\count306
\everyMPtoPDFconversion=\toks30
) (C:\Users\root\miktex29\tex/latex/epstopdf-pkg\epstopdf-base.sty
Package: epstopdf-base 2020-01-24 v2.11 Base part for package epstopdf
Package epstopdf-base Info: Redefining graphics rule for `.eps' on input line 4
85.
(C:\Users\root\miktex29\tex/latex/00miktex\epstopdf-sys.cfg
File: epstopdf-sys.cfg 2021/03/18 v2.0 Configuration of epstopdf for MiKTeX
))
Package hyperref Info: Link coloring OFF on input line 120.
(C:\Users\root\miktex29\tex/latex/hyperref\nameref.sty
Package: nameref 2021-04-02 v2.47 Cross-referencing by name of section
(C:\Users\root\miktex29\tex/latex/refcount\refcount.sty
Package: refcount 2019/12/15 v3.6 Data extraction from label references (HO)
) (C:\Users\root\miktex29\tex/generic/gettitlestring\gettitlestring.sty
Package: gettitlestring 2019/12/15 v1.6 Cleanup title references (HO)
)
\c@section@level=\count307
)
LaTeX Info: Redefining \ref on input line 120.
LaTeX Info: Redefining \pageref on input line 120.
LaTeX Info: Redefining \nameref on input line 120.
*geometry* driver: auto-detecting
*geometry* detected driver: pdftex
*geometry* verbose mode - [ preamble ] result:
* driver: pdftex
* paper: <default>
* layout: <same size as paper>
* layoutoffset:(h,v)=(0.0pt,0.0pt)
* modes: 
* h-part:(L,W,R)=(72.26999pt, 469.75502pt, 72.26999pt)
* v-part:(T,H,B)=(72.26999pt, 650.43001pt, 72.26999pt)
* \paperwidth=614.295pt
* \paperheight=794.96999pt
* \textwidth=469.75502pt
* \textheight=650.43001pt
* \oddsidemargin=0.0pt
* \evensidemargin=0.0pt
* \topmargin=-37.0pt
* \headheight=12.0pt
* \headsep=25.0pt
* \topskip=10.0pt
* \footskip=30.0pt
* \marginparwidth=65.0pt
* \marginparsep=11.0pt
* \columnsep=10.0pt
* \skip\footins=9.0pt plus 4.0pt minus 2.0pt
* \hoffset=0.0pt
* \voffset=0.0pt
* \mag=1000
* \@twocolumnfalse
* \@twosidefalse
* \@mparswitchfalse
* \@reversemarginfalse
* (1in=72.27pt=25.4mm, 1cm=28.453pt)

LaTeX Font Info:    Trying to load font information for OT1+lmr on input line 1
22.
(C:\Users\root\miktex29\tex/latex/lm\ot1lmr.fd
File: ot1lmr.fd 2009/10/30 v1.6 Font defs for Latin Modern
)
LaTeX Font Info:    Trying to load font information for OML+lmm on input line 1
22.
(C:\Users\root\miktex29\tex/latex/lm\omllmm.fd
File: omllmm.fd 2009/10/30 v1.6 Font defs for Latin Modern
)
LaTeX Font Info:    Trying to load font information for OMS+lmsy on input line 
122.
(C:\Users\root\miktex29\tex/latex/lm\omslmsy.fd
File: omslmsy.fd 2009/10/30 v1.6 Font defs for Latin Modern
)
LaTeX Font Info:    Trying to load font information for OMX+lmex on input line 
122.
(C:\Users\root\miktex29\tex/latex/lm\omxlmex.fd
File: omxlmex.fd 2009/10/30 v1.6 Font defs for Latin Modern
)
LaTeX Font Info:    External font `lmex10' loaded for size
(Font)              <12> on input line 122.
LaTeX Font Info:    External font `lmex10' loaded for size
(Font)              <8> on input line 122.
LaTeX Font Info:    External font `lmex10' loaded for size
(Font)              <6> on input line 122.
LaTeX Font Info:    Trying to load font information for U+msa on input line 122
.
(C:\Users\root\miktex29\tex/latex/amsfonts\umsa.fd
File: umsa.fd 2013/01/14 v3.01 AMS symbols A
) (C:\Users\root\miktex29\tex/latex/microtype\mt-msa.cfg
File: mt-msa.cfg 2006/02/04 v1.1 microtype config. file: AMS symbols (a) (RS)
)
LaTeX Font Info:    Trying to load font information for U+msb on input line 122
.
(C:\Users\root\miktex29\tex/latex/amsfonts\umsb.fd
File: umsb.fd 2013/01/14 v3.01 AMS symbols B
) (C:\Users\root\miktex29\tex/latex/microtype\mt-msb.cfg
File: mt-msb.cfg 2005/06/01 v1.0 microtype config. file: AMS symbols (b) (RS)
)
LaTeX Font Info:    External font `lmex10' loaded for size
(Font)              <10> on input line 128.
LaTeX Font Info:    External font `lmex10' loaded for size
(Font)              <7> on input line 128.
LaTeX Font Info:    External font `lmex10' loaded for size
(Font)              <5> on input line 128.
LaTeX Font Info:    Trying to load font information for T1+lmtt on input line 1
44.
(C:\Users\root\miktex29\tex/latex/lm\t1lmtt.fd
File: t1lmtt.fd 2009/10/30 v1.6 Font defs for Latin Modern
)
LaTeX Font Info:    Trying to load font information for TS1+lmr on input line 1
85.
(C:\Users\root\miktex29\tex/latex/lm\ts1lmr.fd
File: ts1lmr.fd 2009/10/30 v1.6 Font defs for Latin Modern
) [1

{C:/Users/root/AppData/Local/MiKTeX/2.9/pdftex/config/pdftex.map}] [2]
<Rmd-ex-paper-more-03Oct2021_files/figure-latex/unnamed-chunk-1-1.pdf, id=37, 8
34.11626pt x 391.4625pt>
File: Rmd-ex-paper-more-03Oct2021_files/figure-latex/unnamed-chunk-1-1.pdf Grap
hic file (type pdf)
<use Rmd-ex-paper-more-03Oct2021_files/figure-latex/unnamed-chunk-1-1.pdf>
Package pdftex.def Info: Rmd-ex-paper-more-03Oct2021_files/figure-latex/unnamed
-chunk-1-1.pdf  used on input line 302.
(pdftex.def)             Requested size: 469.762pt x 220.4659pt.
[3 <./Rmd-ex-paper-more-03Oct2021_files/figure-latex/unnamed-chunk-1-1.pdf>] [4
]
<Rmd-ex-paper-more-03Oct2021_files/figure-latex/unnamed-chunk-4-1.pdf, id=63, 4
34.62375pt x 250.9375pt>
File: Rmd-ex-paper-more-03Oct2021_files/figure-latex/unnamed-chunk-4-1.pdf Grap
hic file (type pdf)
<use Rmd-ex-paper-more-03Oct2021_files/figure-latex/unnamed-chunk-4-1.pdf>
Package pdftex.def Info: Rmd-ex-paper-more-03Oct2021_files/figure-latex/unnamed
-chunk-4-1.pdf  used on input line 463.
(pdftex.def)             Requested size: 434.64256pt x 250.94835pt.
[5 <./Rmd-ex-paper-more-03Oct2021_files/figure-latex/unnamed-chunk-4-1.pdf>]
<Rmd-ex-paper-more-03Oct2021_files/figure-latex/unnamed-chunk-5-1.pdf, id=78, 8
34.11626pt x 391.4625pt>
File: Rmd-ex-paper-more-03Oct2021_files/figure-latex/unnamed-chunk-5-1.pdf Grap
hic file (type pdf)
<use Rmd-ex-paper-more-03Oct2021_files/figure-latex/unnamed-chunk-5-1.pdf>
Package pdftex.def Info: Rmd-ex-paper-more-03Oct2021_files/figure-latex/unnamed
-chunk-5-1.pdf  used on input line 566.
(pdftex.def)             Requested size: 469.762pt x 220.4659pt.
[6] [7 <./Rmd-ex-paper-more-03Oct2021_files/figure-latex/unnamed-chunk-5-1.pdf>
] [8]
<Rmd-ex-paper-more-03Oct2021_files/figure-latex/unnamed-chunk-7-1.pdf, id=111, 
434.62375pt x 250.9375pt>
File: Rmd-ex-paper-more-03Oct2021_files/figure-latex/unnamed-chunk-7-1.pdf Grap
hic file (type pdf)
<use Rmd-ex-paper-more-03Oct2021_files/figure-latex/unnamed-chunk-7-1.pdf>
Package pdftex.def Info: Rmd-ex-paper-more-03Oct2021_files/figure-latex/unnamed
-chunk-7-1.pdf  used on input line 730.
(pdftex.def)             Requested size: 434.64256pt x 250.94835pt.
<Rmd-ex-paper-more-03Oct2021_files/figure-latex/unnamed-chunk-8-1.pdf, id=112, 
434.62375pt x 250.9375pt>
File: Rmd-ex-paper-more-03Oct2021_files/figure-latex/unnamed-chunk-8-1.pdf Grap
hic file (type pdf)
<use Rmd-ex-paper-more-03Oct2021_files/figure-latex/unnamed-chunk-8-1.pdf>
Package pdftex.def Info: Rmd-ex-paper-more-03Oct2021_files/figure-latex/unnamed
-chunk-8-1.pdf  used on input line 742.
(pdftex.def)             Requested size: 434.64256pt x 250.94835pt.
[9 <./Rmd-ex-paper-more-03Oct2021_files/figure-latex/unnamed-chunk-7-1.pdf>]
<Rmd-ex-paper-more-03Oct2021_files/figure-latex/unnamed-chunk-10-1.pdf, id=124,
 434.62375pt x 250.9375pt>
File: Rmd-ex-paper-more-03Oct2021_files/figure-latex/unnamed-chunk-10-1.pdf Gra
phic file (type pdf)
<use Rmd-ex-paper-more-03Oct2021_files/figure-latex/unnamed-chunk-10-1.pdf>
Package pdftex.def Info: Rmd-ex-paper-more-03Oct2021_files/figure-latex/unnamed
-chunk-10-1.pdf  used on input line 780.
(pdftex.def)             Requested size: 434.64256pt x 250.94835pt.
[10 <./Rmd-ex-paper-more-03Oct2021_files/figure-latex/unnamed-chunk-8-1.pdf>] [
11 <./Rmd-ex-paper-more-03Oct2021_files/figure-latex/unnamed-chunk-10-1.pdf>]
<Rmd-ex-paper-more-03Oct2021_files/figure-latex/unnamed-chunk-14-1.pdf, id=147,
 434.62375pt x 250.9375pt>
File: Rmd-ex-paper-more-03Oct2021_files/figure-latex/unnamed-chunk-14-1.pdf Gra
phic file (type pdf)
<use Rmd-ex-paper-more-03Oct2021_files/figure-latex/unnamed-chunk-14-1.pdf>
Package pdftex.def Info: Rmd-ex-paper-more-03Oct2021_files/figure-latex/unnamed
-chunk-14-1.pdf  used on input line 905.
(pdftex.def)             Requested size: 434.64256pt x 250.94835pt.
[12]
LaTeX Font Info:    Trying to load font information for TS1+lmtt on input line 
960.
(C:\Users\root\miktex29\tex/latex/lm\ts1lmtt.fd
File: ts1lmtt.fd 2009/10/30 v1.6 Font defs for Latin Modern
) [13 <./Rmd-ex-paper-more-03Oct2021_files/figure-latex/unnamed-chunk-14-1.pdf>
] [14]
<Rmd-ex-paper-more-03Oct2021_files/figure-latex/unnamed-chunk-19-1.pdf, id=172,
 434.62375pt x 250.9375pt>
File: Rmd-ex-paper-more-03Oct2021_files/figure-latex/unnamed-chunk-19-1.pdf Gra
phic file (type pdf)
<use Rmd-ex-paper-more-03Oct2021_files/figure-latex/unnamed-chunk-19-1.pdf>
Package pdftex.def Info: Rmd-ex-paper-more-03Oct2021_files/figure-latex/unnamed
-chunk-19-1.pdf  used on input line 1125.
(pdftex.def)             Requested size: 434.64256pt x 250.94835pt.
[15] [16 <./Rmd-ex-paper-more-03Oct2021_files/figure-latex/unnamed-chunk-19-1.p
df>] [17]
<Rmd-ex-paper-more-03Oct2021_files/figure-latex/unnamed-chunk-27-1.pdf, id=192,
 434.62375pt x 250.9375pt>
File: Rmd-ex-paper-more-03Oct2021_files/figure-latex/unnamed-chunk-27-1.pdf Gra
phic file (type pdf)
<use Rmd-ex-paper-more-03Oct2021_files/figure-latex/unnamed-chunk-27-1.pdf>
Package pdftex.def Info: Rmd-ex-paper-more-03Oct2021_files/figure-latex/unnamed
-chunk-27-1.pdf  used on input line 1335.
(pdftex.def)             Requested size: 434.64256pt x 250.94835pt.
[18] [19 <./Rmd-ex-paper-more-03Oct2021_files/figure-latex/unnamed-chunk-27-1.p
df>]
LaTeX Font Info:    Font shape `T1/lmtt/bx/n' in size <10> not available
(Font)              Font shape `T1/lmtt/b/n' tried instead on input line 1461.
[20] [21] [22] [23]
<Rmd-ex-paper-more-03Oct2021_files/figure-latex/unnamed-chunk-41-1.pdf, id=230,
 434.62375pt x 250.9375pt>
File: Rmd-ex-paper-more-03Oct2021_files/figure-latex/unnamed-chunk-41-1.pdf Gra
phic file (type pdf)
<use Rmd-ex-paper-more-03Oct2021_files/figure-latex/unnamed-chunk-41-1.pdf>
Package pdftex.def Info: Rmd-ex-paper-more-03Oct2021_files/figure-latex/unnamed
-chunk-41-1.pdf  used on input line 1891.
(pdftex.def)             Requested size: 434.64256pt x 250.94835pt.
[24] [25 <./Rmd-ex-paper-more-03Oct2021_files/figure-latex/unnamed-chunk-41-1.p
df>]
<Rmd-ex-paper-more-03Oct2021_files/figure-latex/unnamed-chunk-43-1.pdf, id=247,
 434.62375pt x 250.9375pt>
File: Rmd-ex-paper-more-03Oct2021_files/figure-latex/unnamed-chunk-43-1.pdf Gra
phic file (type pdf)
<use Rmd-ex-paper-more-03Oct2021_files/figure-latex/unnamed-chunk-43-1.pdf>
Package pdftex.def Info: Rmd-ex-paper-more-03Oct2021_files/figure-latex/unnamed
-chunk-43-1.pdf  used on input line 2007.
(pdftex.def)             Requested size: 434.64256pt x 250.94835pt.
[26 <./Rmd-ex-paper-more-03Oct2021_files/figure-latex/unnamed-chunk-43-1.pdf>] 
[27] [28] [29] [30] [31] [32] [33] [34] [35]
<Rmd-ex-paper-more-03Oct2021_files/figure-latex/unnamed-chunk-59-1.pdf, id=309,
 434.62375pt x 283.0575pt>
File: Rmd-ex-paper-more-03Oct2021_files/figure-latex/unnamed-chunk-59-1.pdf Gra
phic file (type pdf)
<use Rmd-ex-paper-more-03Oct2021_files/figure-latex/unnamed-chunk-59-1.pdf>
Package pdftex.def Info: Rmd-ex-paper-more-03Oct2021_files/figure-latex/unnamed
-chunk-59-1.pdf  used on input line 2854.
(pdftex.def)             Requested size: 434.6492pt x 283.07407pt.
<Rmd-ex-paper-more-03Oct2021_files/figure-latex/unnamed-chunk-60-1.pdf, id=310,
 436.63126pt x 283.0575pt>
File: Rmd-ex-paper-more-03Oct2021_files/figure-latex/unnamed-chunk-60-1.pdf Gra
phic file (type pdf)
<use Rmd-ex-paper-more-03Oct2021_files/figure-latex/unnamed-chunk-60-1.pdf>
Package pdftex.def Info: Rmd-ex-paper-more-03Oct2021_files/figure-latex/unnamed
-chunk-60-1.pdf  used on input line 2869.
(pdftex.def)             Requested size: 436.63019pt x 283.0568pt.
[36 <./Rmd-ex-paper-more-03Oct2021_files/figure-latex/unnamed-chunk-59-1.pdf>]
<Rmd-ex-paper-more-03Oct2021_files/figure-latex/unnamed-chunk-61-1.pdf, id=323,
 434.62375pt x 283.0575pt>
File: Rmd-ex-paper-more-03Oct2021_files/figure-latex/unnamed-chunk-61-1.pdf Gra
phic file (type pdf)
<use Rmd-ex-paper-more-03Oct2021_files/figure-latex/unnamed-chunk-61-1.pdf>
Package pdftex.def Info: Rmd-ex-paper-more-03Oct2021_files/figure-latex/unnamed
-chunk-61-1.pdf  used on input line 2905.
(pdftex.def)             Requested size: 434.6492pt x 283.07407pt.
[37 <./Rmd-ex-paper-more-03Oct2021_files/figure-latex/unnamed-chunk-60-1.pdf>]
<Rmd-ex-paper-more-03Oct2021_files/figure-latex/unnamed-chunk-62-1.pdf, id=337,
 436.63126pt x 283.0575pt>
File: Rmd-ex-paper-more-03Oct2021_files/figure-latex/unnamed-chunk-62-1.pdf Gra
phic file (type pdf)
<use Rmd-ex-paper-more-03Oct2021_files/figure-latex/unnamed-chunk-62-1.pdf>
Package pdftex.def Info: Rmd-ex-paper-more-03Oct2021_files/figure-latex/unnamed
-chunk-62-1.pdf  used on input line 2921.
(pdftex.def)             Requested size: 436.63019pt x 283.0568pt.
[38 <./Rmd-ex-paper-more-03Oct2021_files/figure-latex/unnamed-chunk-61-1.pdf>]
<Rmd-ex-paper-more-03Oct2021_files/figure-latex/unnamed-chunk-63-1.pdf, id=350,
 434.62375pt x 283.0575pt>
File: Rmd-ex-paper-more-03Oct2021_files/figure-latex/unnamed-chunk-63-1.pdf Gra
phic file (type pdf)
<use Rmd-ex-paper-more-03Oct2021_files/figure-latex/unnamed-chunk-63-1.pdf>
Package pdftex.def Info: Rmd-ex-paper-more-03Oct2021_files/figure-latex/unnamed
-chunk-63-1.pdf  used on input line 2948.
(pdftex.def)             Requested size: 434.6492pt x 283.07407pt.
[39 <./Rmd-ex-paper-more-03Oct2021_files/figure-latex/unnamed-chunk-62-1.pdf>]
<Rmd-ex-paper-more-03Oct2021_files/figure-latex/unnamed-chunk-64-1.pdf, id=363,
 436.63126pt x 283.0575pt>
File: Rmd-ex-paper-more-03Oct2021_files/figure-latex/unnamed-chunk-64-1.pdf Gra
phic file (type pdf)
<use Rmd-ex-paper-more-03Oct2021_files/figure-latex/unnamed-chunk-64-1.pdf>
Package pdftex.def Info: Rmd-ex-paper-more-03Oct2021_files/figure-latex/unnamed
-chunk-64-1.pdf  used on input line 2961.
(pdftex.def)             Requested size: 436.63019pt x 283.0568pt.
[40 <./Rmd-ex-paper-more-03Oct2021_files/figure-latex/unnamed-chunk-63-1.pdf> <
./Rmd-ex-paper-more-03Oct2021_files/figure-latex/unnamed-chunk-64-1.pdf>] [41]
<Rmd-ex-paper-more-03Oct2021_files/figure-latex/unnamed-chunk-69-1.pdf, id=392,
 1051.93pt x 334.24875pt>
File: Rmd-ex-paper-more-03Oct2021_files/figure-latex/unnamed-chunk-69-1.pdf Gra
phic file (type pdf)
<use Rmd-ex-paper-more-03Oct2021_files/figure-latex/unnamed-chunk-69-1.pdf>
Package pdftex.def Info: Rmd-ex-paper-more-03Oct2021_files/figure-latex/unnamed
-chunk-69-1.pdf  used on input line 3109.
(pdftex.def)             Requested size: 469.75262pt x 149.26299pt.
[42 <./Rmd-ex-paper-more-03Oct2021_files/figure-latex/unnamed-chunk-69-1.pdf>]
<Rmd-ex-paper-more-03Oct2021_files/figure-latex/unnamed-chunk-70-1.pdf, id=409,
 439.6425pt x 286.06876pt>
File: Rmd-ex-paper-more-03Oct2021_files/figure-latex/unnamed-chunk-70-1.pdf Gra
phic file (type pdf)
<use Rmd-ex-paper-more-03Oct2021_files/figure-latex/unnamed-chunk-70-1.pdf>
Package pdftex.def Info: Rmd-ex-paper-more-03Oct2021_files/figure-latex/unnamed
-chunk-70-1.pdf  used on input line 3139.
(pdftex.def)             Requested size: 439.64812pt x 286.07242pt.
[43 <./Rmd-ex-paper-more-03Oct2021_files/figure-latex/unnamed-chunk-70-1.pdf>]
<Rmd-ex-paper-more-03Oct2021_files/figure-latex/unnamed-chunk-72-1.pdf, id=424,
 692.5875pt x 322.20375pt>
File: Rmd-ex-paper-more-03Oct2021_files/figure-latex/unnamed-chunk-72-1.pdf Gra
phic file (type pdf)
<use Rmd-ex-paper-more-03Oct2021_files/figure-latex/unnamed-chunk-72-1.pdf>
Package pdftex.def Info: Rmd-ex-paper-more-03Oct2021_files/figure-latex/unnamed
-chunk-72-1.pdf  used on input line 3198.
(pdftex.def)             Requested size: 469.76964pt x 218.545pt.
<Rmd-ex-paper-more-03Oct2021_files/figure-latex/unnamed-chunk-73-1.pdf, id=425,
 848.16875pt x 263.98625pt>
File: Rmd-ex-paper-more-03Oct2021_files/figure-latex/unnamed-chunk-73-1.pdf Gra
phic file (type pdf)
<use Rmd-ex-paper-more-03Oct2021_files/figure-latex/unnamed-chunk-73-1.pdf>
Package pdftex.def Info: Rmd-ex-paper-more-03Oct2021_files/figure-latex/unnamed
-chunk-73-1.pdf  used on input line 3216.
(pdftex.def)             Requested size: 469.75563pt x 146.20796pt.
[44 <./Rmd-ex-paper-more-03Oct2021_files/figure-latex/unnamed-chunk-72-1.pdf>]
<Rmd-ex-paper-more-03Oct2021_files/figure-latex/unnamed-chunk-74-1.pdf, id=438,
 848.16875pt x 263.98625pt>
File: Rmd-ex-paper-more-03Oct2021_files/figure-latex/unnamed-chunk-74-1.pdf Gra
phic file (type pdf)
<use Rmd-ex-paper-more-03Oct2021_files/figure-latex/unnamed-chunk-74-1.pdf>
Package pdftex.def Info: Rmd-ex-paper-more-03Oct2021_files/figure-latex/unnamed
-chunk-74-1.pdf  used on input line 3240.
(pdftex.def)             Requested size: 469.75563pt x 146.20796pt.
<Rmd-ex-paper-more-03Oct2021_files/figure-latex/unnamed-chunk-75-1.pdf, id=439,
 848.16875pt x 263.98625pt>
File: Rmd-ex-paper-more-03Oct2021_files/figure-latex/unnamed-chunk-75-1.pdf Gra
phic file (type pdf)
<use Rmd-ex-paper-more-03Oct2021_files/figure-latex/unnamed-chunk-75-1.pdf>
Package pdftex.def Info: Rmd-ex-paper-more-03Oct2021_files/figure-latex/unnamed
-chunk-75-1.pdf  used on input line 3268.
(pdftex.def)             Requested size: 469.75563pt x 146.20796pt.
[45 <./Rmd-ex-paper-more-03Oct2021_files/figure-latex/unnamed-chunk-73-1.pdf> <
./Rmd-ex-paper-more-03Oct2021_files/figure-latex/unnamed-chunk-74-1.pdf>]
<Rmd-ex-paper-more-03Oct2021_files/figure-latex/unnamed-chunk-76-1.pdf, id=460,
 439.6425pt x 286.06876pt>
File: Rmd-ex-paper-more-03Oct2021_files/figure-latex/unnamed-chunk-76-1.pdf Gra
phic file (type pdf)
<use Rmd-ex-paper-more-03Oct2021_files/figure-latex/unnamed-chunk-76-1.pdf>
Package pdftex.def Info: Rmd-ex-paper-more-03Oct2021_files/figure-latex/unnamed
-chunk-76-1.pdf  used on input line 3302.
(pdftex.def)             Requested size: 439.64812pt x 286.07242pt.
[46 <./Rmd-ex-paper-more-03Oct2021_files/figure-latex/unnamed-chunk-75-1.pdf> <
./Rmd-ex-paper-more-03Oct2021_files/figure-latex/unnamed-chunk-76-1.pdf>]
<Rmd-ex-paper-more-03Oct2021_files/figure-latex/unnamed-chunk-77-1.pdf, id=481,
 439.6425pt x 286.06876pt>
File: Rmd-ex-paper-more-03Oct2021_files/figure-latex/unnamed-chunk-77-1.pdf Gra
phic file (type pdf)
<use Rmd-ex-paper-more-03Oct2021_files/figure-latex/unnamed-chunk-77-1.pdf>
Package pdftex.def Info: Rmd-ex-paper-more-03Oct2021_files/figure-latex/unnamed
-chunk-77-1.pdf  used on input line 3314.
(pdftex.def)             Requested size: 439.64812pt x 286.07242pt.
<Rmd-ex-paper-more-03Oct2021_files/figure-latex/unnamed-chunk-78-1.pdf, id=482,
 439.6425pt x 286.06876pt>
File: Rmd-ex-paper-more-03Oct2021_files/figure-latex/unnamed-chunk-78-1.pdf Gra
phic file (type pdf)
<use Rmd-ex-paper-more-03Oct2021_files/figure-latex/unnamed-chunk-78-1.pdf>
Package pdftex.def Info: Rmd-ex-paper-more-03Oct2021_files/figure-latex/unnamed
-chunk-78-1.pdf  used on input line 3326.
(pdftex.def)             Requested size: 439.64812pt x 286.07242pt.
[47 <./Rmd-ex-paper-more-03Oct2021_files/figure-latex/unnamed-chunk-77-1.pdf>] 
[48 <./Rmd-ex-paper-more-03Oct2021_files/figure-latex/unnamed-chunk-78-1.pdf>] 
[49]
<Rmd-ex-paper-more-03Oct2021_files/figure-latex/unusual_obs_plot-1.pdf, id=518,
 1060.96375pt x 334.24875pt>
File: Rmd-ex-paper-more-03Oct2021_files/figure-latex/unusual_obs_plot-1.pdf Gra
phic file (type pdf)
<use Rmd-ex-paper-more-03Oct2021_files/figure-latex/unusual_obs_plot-1.pdf>
Package pdftex.def Info: Rmd-ex-paper-more-03Oct2021_files/figure-latex/unusual
_obs_plot-1.pdf  used on input line 3486.
(pdftex.def)             Requested size: 469.75569pt x 147.99304pt.
[50 <./Rmd-ex-paper-more-03Oct2021_files/figure-latex/unusual_obs_plot-1.pdf>] 
[51]
<Rmd-ex-paper-more-03Oct2021_files/figure-latex/unnamed-chunk-87-1.pdf, id=537,
 436.63126pt x 248.93pt>
File: Rmd-ex-paper-more-03Oct2021_files/figure-latex/unnamed-chunk-87-1.pdf Gra
phic file (type pdf)
<use Rmd-ex-paper-more-03Oct2021_files/figure-latex/unnamed-chunk-87-1.pdf>
Package pdftex.def Info: Rmd-ex-paper-more-03Oct2021_files/figure-latex/unnamed
-chunk-87-1.pdf  used on input line 3655.
(pdftex.def)             Requested size: 436.63019pt x 248.92938pt.
[52 <./Rmd-ex-paper-more-03Oct2021_files/figure-latex/unnamed-chunk-87-1.pdf>] 
[53] [54] [55] [56]
<Rmd-ex-paper-more-03Oct2021_files/figure-latex/unnamed-chunk-102-1.pdf, id=569
, 1060.96375pt x 334.24875pt>
File: Rmd-ex-paper-more-03Oct2021_files/figure-latex/unnamed-chunk-102-1.pdf Gr
aphic file (type pdf)
<use Rmd-ex-paper-more-03Oct2021_files/figure-latex/unnamed-chunk-102-1.pdf>
Package pdftex.def Info: Rmd-ex-paper-more-03Oct2021_files/figure-latex/unnamed
-chunk-102-1.pdf  used on input line 4139.
(pdftex.def)             Requested size: 469.75569pt x 147.99304pt.
[57 <./Rmd-ex-paper-more-03Oct2021_files/figure-latex/unnamed-chunk-102-1.pdf>]
<Rmd-ex-paper-more-03Oct2021_files/figure-latex/unnamed-chunk-105-1.pdf, id=583
, 436.63126pt x 283.0575pt>
File: Rmd-ex-paper-more-03Oct2021_files/figure-latex/unnamed-chunk-105-1.pdf Gr
aphic file (type pdf)
<use Rmd-ex-paper-more-03Oct2021_files/figure-latex/unnamed-chunk-105-1.pdf>
Package pdftex.def Info: Rmd-ex-paper-more-03Oct2021_files/figure-latex/unnamed
-chunk-105-1.pdf  used on input line 4219.
(pdftex.def)             Requested size: 436.63019pt x 283.0568pt.
[58 <./Rmd-ex-paper-more-03Oct2021_files/figure-latex/unnamed-chunk-105-1.pdf>]
<Rmd-ex-paper-more-03Oct2021_files/figure-latex/unnamed-chunk-107-1.pdf, id=600
, 439.6425pt x 286.06876pt>
File: Rmd-ex-paper-more-03Oct2021_files/figure-latex/unnamed-chunk-107-1.pdf Gr
aphic file (type pdf)
<use Rmd-ex-paper-more-03Oct2021_files/figure-latex/unnamed-chunk-107-1.pdf>
Package pdftex.def Info: Rmd-ex-paper-more-03Oct2021_files/figure-latex/unnamed
-chunk-107-1.pdf  used on input line 4249.
(pdftex.def)             Requested size: 439.64812pt x 286.07242pt.
[59 <./Rmd-ex-paper-more-03Oct2021_files/figure-latex/unnamed-chunk-107-1.pdf>]
<Rmd-ex-paper-more-03Oct2021_files/figure-latex/unnamed-chunk-114-1.pdf, id=613
, 568.1225pt x 531.9875pt>
File: Rmd-ex-paper-more-03Oct2021_files/figure-latex/unnamed-chunk-114-1.pdf Gr
aphic file (type pdf)
<use Rmd-ex-paper-more-03Oct2021_files/figure-latex/unnamed-chunk-114-1.pdf>
Package pdftex.def Info: Rmd-ex-paper-more-03Oct2021_files/figure-latex/unnamed
-chunk-114-1.pdf  used on input line 4361.
(pdftex.def)             Requested size: 469.7731pt x 439.89355pt.
[60] [61 <./Rmd-ex-paper-more-03Oct2021_files/figure-latex/unnamed-chunk-114-1.
pdf>]
<Rmd-ex-paper-more-03Oct2021_files/figure-latex/unnamed-chunk-118-1.pdf, id=632
, 439.6425pt x 286.06876pt>
File: Rmd-ex-paper-more-03Oct2021_files/figure-latex/unnamed-chunk-118-1.pdf Gr
aphic file (type pdf)
<use Rmd-ex-paper-more-03Oct2021_files/figure-latex/unnamed-chunk-118-1.pdf>
Package pdftex.def Info: Rmd-ex-paper-more-03Oct2021_files/figure-latex/unnamed
-chunk-118-1.pdf  used on input line 4408.
(pdftex.def)             Requested size: 439.64812pt x 286.07242pt.
<Rmd-ex-paper-more-03Oct2021_files/figure-latex/unnamed-chunk-120-1.pdf, id=633
, 439.6425pt x 286.06876pt>
File: Rmd-ex-paper-more-03Oct2021_files/figure-latex/unnamed-chunk-120-1.pdf Gr
aphic file (type pdf)
<use Rmd-ex-paper-more-03Oct2021_files/figure-latex/unnamed-chunk-120-1.pdf>
Package pdftex.def Info: Rmd-ex-paper-more-03Oct2021_files/figure-latex/unnamed
-chunk-120-1.pdf  used on input line 4450.
(pdftex.def)             Requested size: 439.64812pt x 286.07242pt.
[62 <./Rmd-ex-paper-more-03Oct2021_files/figure-latex/unnamed-chunk-118-1.pdf>]
[63 <./Rmd-ex-paper-more-03Oct2021_files/figure-latex/unnamed-chunk-120-1.pdf>]
<Rmd-ex-paper-more-03Oct2021_files/figure-latex/unnamed-chunk-123-1.pdf, id=662
, 436.63126pt x 285.065pt>
File: Rmd-ex-paper-more-03Oct2021_files/figure-latex/unnamed-chunk-123-1.pdf Gr
aphic file (type pdf)
<use Rmd-ex-paper-more-03Oct2021_files/figure-latex/unnamed-chunk-123-1.pdf>
Package pdftex.def Info: Rmd-ex-paper-more-03Oct2021_files/figure-latex/unnamed
-chunk-123-1.pdf  used on input line 4527.
(pdftex.def)             Requested size: 436.63019pt x 285.0643pt.
[64 <./Rmd-ex-paper-more-03Oct2021_files/figure-latex/unnamed-chunk-123-1.pdf>]
<Rmd-ex-paper-more-03Oct2021_files/figure-latex/unnamed-chunk-125-1.pdf, id=676
, 436.63126pt x 285.065pt>
File: Rmd-ex-paper-more-03Oct2021_files/figure-latex/unnamed-chunk-125-1.pdf Gr
aphic file (type pdf)
<use Rmd-ex-paper-more-03Oct2021_files/figure-latex/unnamed-chunk-125-1.pdf>
Package pdftex.def Info: Rmd-ex-paper-more-03Oct2021_files/figure-latex/unnamed
-chunk-125-1.pdf  used on input line 4569.
(pdftex.def)             Requested size: 436.63019pt x 285.0643pt.
<Rmd-ex-paper-more-03Oct2021_files/figure-latex/unnamed-chunk-126-1.pdf, id=677
, 689.57625pt x 322.20375pt>
File: Rmd-ex-paper-more-03Oct2021_files/figure-latex/unnamed-chunk-126-1.pdf Gr
aphic file (type pdf)
<use Rmd-ex-paper-more-03Oct2021_files/figure-latex/unnamed-chunk-126-1.pdf>
Package pdftex.def Info: Rmd-ex-paper-more-03Oct2021_files/figure-latex/unnamed
-chunk-126-1.pdf  used on input line 4587.
(pdftex.def)             Requested size: 469.75792pt x 219.49388pt.
[65 <./Rmd-ex-paper-more-03Oct2021_files/figure-latex/unnamed-chunk-125-1.pdf>]
[66 <./Rmd-ex-paper-more-03Oct2021_files/figure-latex/unnamed-chunk-126-1.pdf>]
<Rmd-ex-paper-more-03Oct2021_files/figure-latex/unnamed-chunk-128-1.pdf, id=704
, 436.63126pt x 285.065pt>
File: Rmd-ex-paper-more-03Oct2021_files/figure-latex/unnamed-chunk-128-1.pdf Gr
aphic file (type pdf)
<use Rmd-ex-paper-more-03Oct2021_files/figure-latex/unnamed-chunk-128-1.pdf>
Package pdftex.def Info: Rmd-ex-paper-more-03Oct2021_files/figure-latex/unnamed
-chunk-128-1.pdf  used on input line 4678.
(pdftex.def)             Requested size: 436.63019pt x 285.0643pt.
<Rmd-ex-paper-more-03Oct2021_files/figure-latex/unnamed-chunk-129-1.pdf, id=705
, 436.63126pt x 285.065pt>
File: Rmd-ex-paper-more-03Oct2021_files/figure-latex/unnamed-chunk-129-1.pdf Gr
aphic file (type pdf)
<use Rmd-ex-paper-more-03Oct2021_files/figure-latex/unnamed-chunk-129-1.pdf>
Package pdftex.def Info: Rmd-ex-paper-more-03Oct2021_files/figure-latex/unnamed
-chunk-129-1.pdf  used on input line 4693.
(pdftex.def)             Requested size: 436.63019pt x 285.0643pt.
[67 <./Rmd-ex-paper-more-03Oct2021_files/figure-latex/unnamed-chunk-128-1.pdf>]
<Rmd-ex-paper-more-03Oct2021_files/figure-latex/unnamed-chunk-130-1.pdf, id=719
, 689.57625pt x 322.20375pt>
File: Rmd-ex-paper-more-03Oct2021_files/figure-latex/unnamed-chunk-130-1.pdf Gr
aphic file (type pdf)
<use Rmd-ex-paper-more-03Oct2021_files/figure-latex/unnamed-chunk-130-1.pdf>
Package pdftex.def Info: Rmd-ex-paper-more-03Oct2021_files/figure-latex/unnamed
-chunk-130-1.pdf  used on input line 4713.
(pdftex.def)             Requested size: 469.75792pt x 219.49388pt.
[68 <./Rmd-ex-paper-more-03Oct2021_files/figure-latex/unnamed-chunk-129-1.pdf>]
[69 <./Rmd-ex-paper-more-03Oct2021_files/figure-latex/unnamed-chunk-130-1.pdf>]
[70]
<Rmd-ex-paper-more-03Oct2021_files/figure-latex/unnamed-chunk-136-1.pdf, id=750
, 436.63126pt x 257.96375pt>
File: Rmd-ex-paper-more-03Oct2021_files/figure-latex/unnamed-chunk-136-1.pdf Gr
aphic file (type pdf)
<use Rmd-ex-paper-more-03Oct2021_files/figure-latex/unnamed-chunk-136-1.pdf>
Package pdftex.def Info: Rmd-ex-paper-more-03Oct2021_files/figure-latex/unnamed
-chunk-136-1.pdf  used on input line 4882.
(pdftex.def)             Requested size: 436.63019pt x 257.9631pt.
<Rmd-ex-paper-more-03Oct2021_files/figure-latex/unnamed-chunk-137-1.pdf, id=751
, 436.63126pt x 248.93pt>
File: Rmd-ex-paper-more-03Oct2021_files/figure-latex/unnamed-chunk-137-1.pdf Gr
aphic file (type pdf)
<use Rmd-ex-paper-more-03Oct2021_files/figure-latex/unnamed-chunk-137-1.pdf>
Package pdftex.def Info: Rmd-ex-paper-more-03Oct2021_files/figure-latex/unnamed
-chunk-137-1.pdf  used on input line 4895.
(pdftex.def)             Requested size: 436.63019pt x 248.92938pt.
[71 <./Rmd-ex-paper-more-03Oct2021_files/figure-latex/unnamed-chunk-136-1.pdf> 
<./Rmd-ex-paper-more-03Oct2021_files/figure-latex/unnamed-chunk-137-1.pdf>]
<Rmd-ex-paper-more-03Oct2021_files/figure-latex/unnamed-chunk-138-1.pdf, id=772
, 436.63126pt x 249.93375pt>
File: Rmd-ex-paper-more-03Oct2021_files/figure-latex/unnamed-chunk-138-1.pdf Gr
aphic file (type pdf)
<use Rmd-ex-paper-more-03Oct2021_files/figure-latex/unnamed-chunk-138-1.pdf>
Package pdftex.def Info: Rmd-ex-paper-more-03Oct2021_files/figure-latex/unnamed
-chunk-138-1.pdf  used on input line 4920.
(pdftex.def)             Requested size: 436.63019pt x 249.93314pt.
[72 <./Rmd-ex-paper-more-03Oct2021_files/figure-latex/unnamed-chunk-138-1.pdf>]
<Rmd-ex-paper-more-03Oct2021_files/figure-latex/unnamed-chunk-141-1.pdf, id=784
, 442.65375pt x 248.93pt>
File: Rmd-ex-paper-more-03Oct2021_files/figure-latex/unnamed-chunk-141-1.pdf Gr
aphic file (type pdf)
<use Rmd-ex-paper-more-03Oct2021_files/figure-latex/unnamed-chunk-141-1.pdf>
Package pdftex.def Info: Rmd-ex-paper-more-03Oct2021_files/figure-latex/unnamed
-chunk-141-1.pdf  used on input line 4974.
(pdftex.def)             Requested size: 442.6594pt x 248.93317pt.
<Rmd-ex-paper-more-03Oct2021_files/figure-latex/unnamed-chunk-142-1.pdf, id=785
, 436.63126pt x 248.93pt>
File: Rmd-ex-paper-more-03Oct2021_files/figure-latex/unnamed-chunk-142-1.pdf Gr
aphic file (type pdf)
<use Rmd-ex-paper-more-03Oct2021_files/figure-latex/unnamed-chunk-142-1.pdf>
Package pdftex.def Info: Rmd-ex-paper-more-03Oct2021_files/figure-latex/unnamed
-chunk-142-1.pdf  used on input line 4985.
(pdftex.def)             Requested size: 436.63019pt x 248.92938pt.
[73 <./Rmd-ex-paper-more-03Oct2021_files/figure-latex/unnamed-chunk-141-1.pdf> 
<./Rmd-ex-paper-more-03Oct2021_files/figure-latex/unnamed-chunk-142-1.pdf>]
<Rmd-ex-paper-more-03Oct2021_files/figure-latex/unnamed-chunk-144-1.pdf, id=806
, 436.63126pt x 248.93pt>
File: Rmd-ex-paper-more-03Oct2021_files/figure-latex/unnamed-chunk-144-1.pdf Gr
aphic file (type pdf)
<use Rmd-ex-paper-more-03Oct2021_files/figure-latex/unnamed-chunk-144-1.pdf>
Package pdftex.def Info: Rmd-ex-paper-more-03Oct2021_files/figure-latex/unnamed
-chunk-144-1.pdf  used on input line 5011.
(pdftex.def)             Requested size: 436.63019pt x 248.92938pt.
<Rmd-ex-paper-more-03Oct2021_files/figure-latex/unnamed-chunk-145-1.pdf, id=807
, 436.63126pt x 249.93375pt>
File: Rmd-ex-paper-more-03Oct2021_files/figure-latex/unnamed-chunk-145-1.pdf Gr
aphic file (type pdf)
<use Rmd-ex-paper-more-03Oct2021_files/figure-latex/unnamed-chunk-145-1.pdf>
Package pdftex.def Info: Rmd-ex-paper-more-03Oct2021_files/figure-latex/unnamed
-chunk-145-1.pdf  used on input line 5025.
(pdftex.def)             Requested size: 436.63019pt x 249.93314pt.
[74 <./Rmd-ex-paper-more-03Oct2021_files/figure-latex/unnamed-chunk-144-1.pdf>]
[75 <./Rmd-ex-paper-more-03Oct2021_files/figure-latex/unnamed-chunk-145-1.pdf>]
<Rmd-ex-paper-more-03Oct2021_files/figure-latex/unnamed-chunk-148-1.pdf, id=833
, 543.02875pt x 214.8025pt>
File: Rmd-ex-paper-more-03Oct2021_files/figure-latex/unnamed-chunk-148-1.pdf Gr
aphic file (type pdf)
<use Rmd-ex-paper-more-03Oct2021_files/figure-latex/unnamed-chunk-148-1.pdf>
Package pdftex.def Info: Rmd-ex-paper-more-03Oct2021_files/figure-latex/unnamed
-chunk-148-1.pdf  used on input line 5080.
(pdftex.def)             Requested size: 469.7714pt x 185.82454pt.
<Rmd-ex-paper-more-03Oct2021_files/figure-latex/unnamed-chunk-149-1.pdf, id=834
, 545.03625pt x 216.81pt>
File: Rmd-ex-paper-more-03Oct2021_files/figure-latex/unnamed-chunk-149-1.pdf Gr
aphic file (type pdf)
<use Rmd-ex-paper-more-03Oct2021_files/figure-latex/unnamed-chunk-149-1.pdf>
Package pdftex.def Info: Rmd-ex-paper-more-03Oct2021_files/figure-latex/unnamed
-chunk-149-1.pdf  used on input line 5098.
(pdftex.def)             Requested size: 469.7533pt x 186.86317pt.

Overfull \vbox (1.7579pt too high) detected at line 5114
 []

[76 <./Rmd-ex-paper-more-03Oct2021_files/figure-latex/unnamed-chunk-148-1.pdf> 
<./Rmd-ex-paper-more-03Oct2021_files/figure-latex/unnamed-chunk-149-1.pdf>]
<Rmd-ex-paper-more-03Oct2021_files/figure-latex/unnamed-chunk-150-1.pdf, id=853
, 545.03625pt x 214.8025pt>
File: Rmd-ex-paper-more-03Oct2021_files/figure-latex/unnamed-chunk-150-1.pdf Gr
aphic file (type pdf)
<use Rmd-ex-paper-more-03Oct2021_files/figure-latex/unnamed-chunk-150-1.pdf>
Package pdftex.def Info: Rmd-ex-paper-more-03Oct2021_files/figure-latex/unnamed
-chunk-150-1.pdf  used on input line 5116.
(pdftex.def)             Requested size: 469.7533pt x 185.13297pt.
<Rmd-ex-paper-more-03Oct2021_files/figure-latex/unnamed-chunk-152-1.pdf, id=855
, 439.6425pt x 251.94125pt>
File: Rmd-ex-paper-more-03Oct2021_files/figure-latex/unnamed-chunk-152-1.pdf Gr
aphic file (type pdf)
<use Rmd-ex-paper-more-03Oct2021_files/figure-latex/unnamed-chunk-152-1.pdf>
Package pdftex.def Info: Rmd-ex-paper-more-03Oct2021_files/figure-latex/unnamed
-chunk-152-1.pdf  used on input line 5152.
(pdftex.def)             Requested size: 439.64142pt x 251.94063pt.
[77 <./Rmd-ex-paper-more-03Oct2021_files/figure-latex/unnamed-chunk-150-1.pdf>]
[78 <./Rmd-ex-paper-more-03Oct2021_files/figure-latex/unnamed-chunk-152-1.pdf>]
[79] [80]
<Rmd-ex-paper-more-03Oct2021_files/figure-latex/unnamed-chunk-157-1.pdf, id=889
, 439.6425pt x 251.94125pt>
File: Rmd-ex-paper-more-03Oct2021_files/figure-latex/unnamed-chunk-157-1.pdf Gr
aphic file (type pdf)
<use Rmd-ex-paper-more-03Oct2021_files/figure-latex/unnamed-chunk-157-1.pdf>
Package pdftex.def Info: Rmd-ex-paper-more-03Oct2021_files/figure-latex/unnamed
-chunk-157-1.pdf  used on input line 5365.
(pdftex.def)             Requested size: 439.64142pt x 251.94063pt.
<Rmd-ex-paper-more-03Oct2021_files/figure-latex/unnamed-chunk-158-1.pdf, id=891
, 459.7175pt x 313.17pt>
File: Rmd-ex-paper-more-03Oct2021_files/figure-latex/unnamed-chunk-158-1.pdf Gr
aphic file (type pdf)
<use Rmd-ex-paper-more-03Oct2021_files/figure-latex/unnamed-chunk-158-1.pdf>
Package pdftex.def Info: Rmd-ex-paper-more-03Oct2021_files/figure-latex/unnamed
-chunk-158-1.pdf  used on input line 5383.
(pdftex.def)             Requested size: 459.7304pt x 313.17877pt.
[81 <./Rmd-ex-paper-more-03Oct2021_files/figure-latex/unnamed-chunk-157-1.pdf>]
[82 <./Rmd-ex-paper-more-03Oct2021_files/figure-latex/unnamed-chunk-158-1.pdf>]
<Rmd-ex-paper-more-03Oct2021_files/figure-latex/unnamed-chunk-159-1.pdf, id=914
, 434.62375pt x 248.93pt>
File: Rmd-ex-paper-more-03Oct2021_files/figure-latex/unnamed-chunk-159-1.pdf Gr
aphic file (type pdf)
<use Rmd-ex-paper-more-03Oct2021_files/figure-latex/unnamed-chunk-159-1.pdf>
Package pdftex.def Info: Rmd-ex-paper-more-03Oct2021_files/figure-latex/unnamed
-chunk-159-1.pdf  used on input line 5447.
(pdftex.def)             Requested size: 434.6293pt x 248.93317pt.
[83 <./Rmd-ex-paper-more-03Oct2021_files/figure-latex/unnamed-chunk-159-1.pdf>]
<Rmd-ex-paper-more-03Oct2021_files/figure-latex/unnamed-chunk-163-1.pdf, id=927
, 548.0475pt x 224.84pt>
File: Rmd-ex-paper-more-03Oct2021_files/figure-latex/unnamed-chunk-163-1.pdf Gr
aphic file (type pdf)
<use Rmd-ex-paper-more-03Oct2021_files/figure-latex/unnamed-chunk-163-1.pdf>
Package pdftex.def Info: Rmd-ex-paper-more-03Oct2021_files/figure-latex/unnamed
-chunk-163-1.pdf  used on input line 5515.
(pdftex.def)             Requested size: 469.76459pt x 192.72392pt.
[84 <./Rmd-ex-paper-more-03Oct2021_files/figure-latex/unnamed-chunk-163-1.pdf>]
<Rmd-ex-paper-more-03Oct2021_files/figure-latex/unnamed-chunk-165-1.pdf, id=939
, 548.0475pt x 224.84pt>
File: Rmd-ex-paper-more-03Oct2021_files/figure-latex/unnamed-chunk-165-1.pdf Gr
aphic file (type pdf)
<use Rmd-ex-paper-more-03Oct2021_files/figure-latex/unnamed-chunk-165-1.pdf>
Package pdftex.def Info: Rmd-ex-paper-more-03Oct2021_files/figure-latex/unnamed
-chunk-165-1.pdf  used on input line 5561.
(pdftex.def)             Requested size: 469.76459pt x 192.72392pt.
[85 <./Rmd-ex-paper-more-03Oct2021_files/figure-latex/unnamed-chunk-165-1.pdf>]
<Rmd-ex-paper-more-03Oct2021_files/figure-latex/unnamed-chunk-167-1.pdf, id=952
, 548.0475pt x 224.84pt>
File: Rmd-ex-paper-more-03Oct2021_files/figure-latex/unnamed-chunk-167-1.pdf Gr
aphic file (type pdf)
<use Rmd-ex-paper-more-03Oct2021_files/figure-latex/unnamed-chunk-167-1.pdf>
Package pdftex.def Info: Rmd-ex-paper-more-03Oct2021_files/figure-latex/unnamed
-chunk-167-1.pdf  used on input line 5609.
(pdftex.def)             Requested size: 469.76459pt x 192.72392pt.
[86 <./Rmd-ex-paper-more-03Oct2021_files/figure-latex/unnamed-chunk-167-1.pdf>]
<Rmd-ex-paper-more-03Oct2021_files/figure-latex/unnamed-chunk-169-1.pdf, id=964
, 548.0475pt x 224.84pt>
File: Rmd-ex-paper-more-03Oct2021_files/figure-latex/unnamed-chunk-169-1.pdf Gr
aphic file (type pdf)
<use Rmd-ex-paper-more-03Oct2021_files/figure-latex/unnamed-chunk-169-1.pdf>
Package pdftex.def Info: Rmd-ex-paper-more-03Oct2021_files/figure-latex/unnamed
-chunk-169-1.pdf  used on input line 5657.
(pdftex.def)             Requested size: 469.76459pt x 192.72392pt.
[87 <./Rmd-ex-paper-more-03Oct2021_files/figure-latex/unnamed-chunk-169-1.pdf>]
<Rmd-ex-paper-more-03Oct2021_files/figure-latex/unnamed-chunk-171-1.pdf, id=976
, 548.0475pt x 224.84pt>
File: Rmd-ex-paper-more-03Oct2021_files/figure-latex/unnamed-chunk-171-1.pdf Gr
aphic file (type pdf)
<use Rmd-ex-paper-more-03Oct2021_files/figure-latex/unnamed-chunk-171-1.pdf>
Package pdftex.def Info: Rmd-ex-paper-more-03Oct2021_files/figure-latex/unnamed
-chunk-171-1.pdf  used on input line 5710.
(pdftex.def)             Requested size: 469.76459pt x 192.72392pt.
[88 <./Rmd-ex-paper-more-03Oct2021_files/figure-latex/unnamed-chunk-171-1.pdf>]
<Rmd-ex-paper-more-03Oct2021_files/figure-latex/unnamed-chunk-174-1.pdf, id=988
, 548.0475pt x 224.84pt>
File: Rmd-ex-paper-more-03Oct2021_files/figure-latex/unnamed-chunk-174-1.pdf Gr
aphic file (type pdf)
<use Rmd-ex-paper-more-03Oct2021_files/figure-latex/unnamed-chunk-174-1.pdf>
Package pdftex.def Info: Rmd-ex-paper-more-03Oct2021_files/figure-latex/unnamed
-chunk-174-1.pdf  used on input line 5789.
(pdftex.def)             Requested size: 469.76459pt x 192.72392pt.
[89 <./Rmd-ex-paper-more-03Oct2021_files/figure-latex/unnamed-chunk-174-1.pdf>]
[90] [91]
<Rmd-ex-paper-more-03Oct2021_files/figure-latex/unnamed-chunk-181-1.pdf, id=100
9, 436.63126pt x 285.065pt>
File: Rmd-ex-paper-more-03Oct2021_files/figure-latex/unnamed-chunk-181-1.pdf Gr
aphic file (type pdf)
<use Rmd-ex-paper-more-03Oct2021_files/figure-latex/unnamed-chunk-181-1.pdf>
Package pdftex.def Info: Rmd-ex-paper-more-03Oct2021_files/figure-latex/unnamed
-chunk-181-1.pdf  used on input line 6006.
(pdftex.def)             Requested size: 436.63019pt x 285.0643pt.
[92 <./Rmd-ex-paper-more-03Oct2021_files/figure-latex/unnamed-chunk-181-1.pdf>]
<Rmd-ex-paper-more-03Oct2021_files/figure-latex/unnamed-chunk-183-1.pdf, id=102
4, 436.63126pt x 285.065pt>
File: Rmd-ex-paper-more-03Oct2021_files/figure-latex/unnamed-chunk-183-1.pdf Gr
aphic file (type pdf)
<use Rmd-ex-paper-more-03Oct2021_files/figure-latex/unnamed-chunk-183-1.pdf>
Package pdftex.def Info: Rmd-ex-paper-more-03Oct2021_files/figure-latex/unnamed
-chunk-183-1.pdf  used on input line 6044.
(pdftex.def)             Requested size: 436.63019pt x 285.0643pt.
<Rmd-ex-paper-more-03Oct2021_files/figure-latex/unnamed-chunk-184-1.pdf, id=102
5, 689.57625pt x 322.20375pt>
File: Rmd-ex-paper-more-03Oct2021_files/figure-latex/unnamed-chunk-184-1.pdf Gr
aphic file (type pdf)
<use Rmd-ex-paper-more-03Oct2021_files/figure-latex/unnamed-chunk-184-1.pdf>
Package pdftex.def Info: Rmd-ex-paper-more-03Oct2021_files/figure-latex/unnamed
-chunk-184-1.pdf  used on input line 6059.
(pdftex.def)             Requested size: 469.75792pt x 219.49388pt.
[93 <./Rmd-ex-paper-more-03Oct2021_files/figure-latex/unnamed-chunk-183-1.pdf>]
<Rmd-ex-paper-more-03Oct2021_files/figure-latex/unnamed-chunk-186-1.pdf, id=103
8, 436.63126pt x 285.065pt>
File: Rmd-ex-paper-more-03Oct2021_files/figure-latex/unnamed-chunk-186-1.pdf Gr
aphic file (type pdf)
<use Rmd-ex-paper-more-03Oct2021_files/figure-latex/unnamed-chunk-186-1.pdf>
Package pdftex.def Info: Rmd-ex-paper-more-03Oct2021_files/figure-latex/unnamed
-chunk-186-1.pdf  used on input line 6079.
(pdftex.def)             Requested size: 436.63019pt x 285.0643pt.
[94 <./Rmd-ex-paper-more-03Oct2021_files/figure-latex/unnamed-chunk-184-1.pdf> 
<./Rmd-ex-paper-more-03Oct2021_files/figure-latex/unnamed-chunk-186-1.pdf>]
<Rmd-ex-paper-more-03Oct2021_files/figure-latex/unnamed-chunk-187-1.pdf, id=105
9, 436.63126pt x 285.065pt>
File: Rmd-ex-paper-more-03Oct2021_files/figure-latex/unnamed-chunk-187-1.pdf Gr
aphic file (type pdf)
<use Rmd-ex-paper-more-03Oct2021_files/figure-latex/unnamed-chunk-187-1.pdf>
Package pdftex.def Info: Rmd-ex-paper-more-03Oct2021_files/figure-latex/unnamed
-chunk-187-1.pdf  used on input line 6094.
(pdftex.def)             Requested size: 436.63019pt x 285.0643pt.
<Rmd-ex-paper-more-03Oct2021_files/figure-latex/unnamed-chunk-188-1.pdf, id=106
0, 689.57625pt x 322.20375pt>
File: Rmd-ex-paper-more-03Oct2021_files/figure-latex/unnamed-chunk-188-1.pdf Gr
aphic file (type pdf)
<use Rmd-ex-paper-more-03Oct2021_files/figure-latex/unnamed-chunk-188-1.pdf>
Package pdftex.def Info: Rmd-ex-paper-more-03Oct2021_files/figure-latex/unnamed
-chunk-188-1.pdf  used on input line 6109.
(pdftex.def)             Requested size: 469.75792pt x 219.49388pt.
[95 <./Rmd-ex-paper-more-03Oct2021_files/figure-latex/unnamed-chunk-187-1.pdf>]
[96 <./Rmd-ex-paper-more-03Oct2021_files/figure-latex/unnamed-chunk-188-1.pdf>]
<Rmd-ex-paper-more-03Oct2021_files/figure-latex/unnamed-chunk-194-1.pdf, id=108
9, 434.62375pt x 283.0575pt>
File: Rmd-ex-paper-more-03Oct2021_files/figure-latex/unnamed-chunk-194-1.pdf Gr
aphic file (type pdf)
<use Rmd-ex-paper-more-03Oct2021_files/figure-latex/unnamed-chunk-194-1.pdf>
Package pdftex.def Info: Rmd-ex-paper-more-03Oct2021_files/figure-latex/unnamed
-chunk-194-1.pdf  used on input line 6212.
(pdftex.def)             Requested size: 434.6492pt x 283.07407pt.
<Rmd-ex-paper-more-03Oct2021_files/figure-latex/unnamed-chunk-195-1.pdf, id=109
0, 690.58pt x 322.20375pt>
File: Rmd-ex-paper-more-03Oct2021_files/figure-latex/unnamed-chunk-195-1.pdf Gr
aphic file (type pdf)
<use Rmd-ex-paper-more-03Oct2021_files/figure-latex/unnamed-chunk-195-1.pdf>
Package pdftex.def Info: Rmd-ex-paper-more-03Oct2021_files/figure-latex/unnamed
-chunk-195-1.pdf  used on input line 6227.
(pdftex.def)             Requested size: 469.75677pt x 219.1743pt.
[97 <./Rmd-ex-paper-more-03Oct2021_files/figure-latex/unnamed-chunk-194-1.pdf>]
<Rmd-ex-paper-more-03Oct2021_files/figure-latex/unnamed-chunk-197-1.pdf, id=110
4, 434.62375pt x 283.0575pt>
File: Rmd-ex-paper-more-03Oct2021_files/figure-latex/unnamed-chunk-197-1.pdf Gr
aphic file (type pdf)
<use Rmd-ex-paper-more-03Oct2021_files/figure-latex/unnamed-chunk-197-1.pdf>
Package pdftex.def Info: Rmd-ex-paper-more-03Oct2021_files/figure-latex/unnamed
-chunk-197-1.pdf  used on input line 6271.
(pdftex.def)             Requested size: 434.6492pt x 283.07407pt.
[98 <./Rmd-ex-paper-more-03Oct2021_files/figure-latex/unnamed-chunk-195-1.pdf>]
<Rmd-ex-paper-more-03Oct2021_files/figure-latex/unnamed-chunk-198-1.pdf, id=111
7, 690.58pt x 322.20375pt>
File: Rmd-ex-paper-more-03Oct2021_files/figure-latex/unnamed-chunk-198-1.pdf Gr
aphic file (type pdf)
<use Rmd-ex-paper-more-03Oct2021_files/figure-latex/unnamed-chunk-198-1.pdf>
Package pdftex.def Info: Rmd-ex-paper-more-03Oct2021_files/figure-latex/unnamed
-chunk-198-1.pdf  used on input line 6286.
(pdftex.def)             Requested size: 469.75677pt x 219.1743pt.
[99 <./Rmd-ex-paper-more-03Oct2021_files/figure-latex/unnamed-chunk-197-1.pdf> 
<./Rmd-ex-paper-more-03Oct2021_files/figure-latex/unnamed-chunk-198-1.pdf>]
<Rmd-ex-paper-more-03Oct2021_files/figure-latex/unnamed-chunk-202-1.pdf, id=113
9, 543.02875pt x 357.335pt>
File: Rmd-ex-paper-more-03Oct2021_files/figure-latex/unnamed-chunk-202-1.pdf Gr
aphic file (type pdf)
<use Rmd-ex-paper-more-03Oct2021_files/figure-latex/unnamed-chunk-202-1.pdf>
Package pdftex.def Info: Rmd-ex-paper-more-03Oct2021_files/figure-latex/unnamed
-chunk-202-1.pdf  used on input line 6329.
(pdftex.def)             Requested size: 469.7714pt x 309.1287pt.
[100 <./Rmd-ex-paper-more-03Oct2021_files/figure-latex/unnamed-chunk-202-1.pdf>
]
<Rmd-ex-paper-more-03Oct2021_files/figure-latex/unnamed-chunk-205-1.pdf, id=115
4, 434.62375pt x 283.0575pt>
File: Rmd-ex-paper-more-03Oct2021_files/figure-latex/unnamed-chunk-205-1.pdf Gr
aphic file (type pdf)
<use Rmd-ex-paper-more-03Oct2021_files/figure-latex/unnamed-chunk-205-1.pdf>
Package pdftex.def Info: Rmd-ex-paper-more-03Oct2021_files/figure-latex/unnamed
-chunk-205-1.pdf  used on input line 6371.
(pdftex.def)             Requested size: 434.6492pt x 283.07407pt.
<Rmd-ex-paper-more-03Oct2021_files/figure-latex/unnamed-chunk-207-1.pdf, id=115
5, 434.62375pt x 283.0575pt>
File: Rmd-ex-paper-more-03Oct2021_files/figure-latex/unnamed-chunk-207-1.pdf Gr
aphic file (type pdf)
<use Rmd-ex-paper-more-03Oct2021_files/figure-latex/unnamed-chunk-207-1.pdf>
Package pdftex.def Info: Rmd-ex-paper-more-03Oct2021_files/figure-latex/unnamed
-chunk-207-1.pdf  used on input line 6392.
(pdftex.def)             Requested size: 434.6492pt x 283.07407pt.
[101 <./Rmd-ex-paper-more-03Oct2021_files/figure-latex/unnamed-chunk-205-1.pdf>
]
<Rmd-ex-paper-more-03Oct2021_files/figure-latex/unnamed-chunk-208-1.pdf, id=116
8, 689.57625pt x 322.20375pt>
File: Rmd-ex-paper-more-03Oct2021_files/figure-latex/unnamed-chunk-208-1.pdf Gr
aphic file (type pdf)
<use Rmd-ex-paper-more-03Oct2021_files/figure-latex/unnamed-chunk-208-1.pdf>
Package pdftex.def Info: Rmd-ex-paper-more-03Oct2021_files/figure-latex/unnamed
-chunk-208-1.pdf  used on input line 6407.
(pdftex.def)             Requested size: 469.75792pt x 219.49388pt.

Underfull \vbox (badness 1337) detected at line 6420
 []

[102 <./Rmd-ex-paper-more-03Oct2021_files/figure-latex/unnamed-chunk-207-1.pdf>
 <./Rmd-ex-paper-more-03Oct2021_files/figure-latex/unnamed-chunk-208-1.pdf>]
<Rmd-ex-paper-more-03Oct2021_files/figure-latex/unnamed-chunk-209-1.pdf, id=118
9, 689.57625pt x 322.20375pt>
File: Rmd-ex-paper-more-03Oct2021_files/figure-latex/unnamed-chunk-209-1.pdf Gr
aphic file (type pdf)
<use Rmd-ex-paper-more-03Oct2021_files/figure-latex/unnamed-chunk-209-1.pdf>
Package pdftex.def Info: Rmd-ex-paper-more-03Oct2021_files/figure-latex/unnamed
-chunk-209-1.pdf  used on input line 6422.
(pdftex.def)             Requested size: 469.75792pt x 219.49388pt.
[103 <./Rmd-ex-paper-more-03Oct2021_files/figure-latex/unnamed-chunk-209-1.pdf>
] [104] [105]
<Rmd-ex-paper-more-03Oct2021_files/figure-latex/unnamed-chunk-224-1.pdf, id=121
5, 672.5125pt x 672.5125pt>
File: Rmd-ex-paper-more-03Oct2021_files/figure-latex/unnamed-chunk-224-1.pdf Gr
aphic file (type pdf)
<use Rmd-ex-paper-more-03Oct2021_files/figure-latex/unnamed-chunk-224-1.pdf>
Package pdftex.def Info: Rmd-ex-paper-more-03Oct2021_files/figure-latex/unnamed
-chunk-224-1.pdf  used on input line 6731.
(pdftex.def)             Requested size: 469.76015pt x 469.76015pt.
[106]
<Rmd-ex-paper-more-03Oct2021_files/figure-latex/unnamed-chunk-225-1.pdf, id=122
2, 687.56876pt x 287.0725pt>
File: Rmd-ex-paper-more-03Oct2021_files/figure-latex/unnamed-chunk-225-1.pdf Gr
aphic file (type pdf)
<use Rmd-ex-paper-more-03Oct2021_files/figure-latex/unnamed-chunk-225-1.pdf>
Package pdftex.def Info: Rmd-ex-paper-more-03Oct2021_files/figure-latex/unnamed
-chunk-225-1.pdf  used on input line 6748.
(pdftex.def)             Requested size: 469.75426pt x 196.13097pt.
[107 <./Rmd-ex-paper-more-03Oct2021_files/figure-latex/unnamed-chunk-224-1.pdf>
]
<Rmd-ex-paper-more-03Oct2021_files/figure-latex/unnamed-chunk-226-1.pdf, id=123
4, 687.56876pt x 287.0725pt>
File: Rmd-ex-paper-more-03Oct2021_files/figure-latex/unnamed-chunk-226-1.pdf Gr
aphic file (type pdf)
<use Rmd-ex-paper-more-03Oct2021_files/figure-latex/unnamed-chunk-226-1.pdf>
Package pdftex.def Info: Rmd-ex-paper-more-03Oct2021_files/figure-latex/unnamed
-chunk-226-1.pdf  used on input line 6767.
(pdftex.def)             Requested size: 469.75426pt x 196.13097pt.

Underfull \vbox (badness 4378) detected at line 6784
 []

[108 <./Rmd-ex-paper-more-03Oct2021_files/figure-latex/unnamed-chunk-225-1.pdf>
 <./Rmd-ex-paper-more-03Oct2021_files/figure-latex/unnamed-chunk-226-1.pdf>]
<Rmd-ex-paper-more-03Oct2021_files/figure-latex/unnamed-chunk-227-1.pdf, id=125
3, 689.57625pt x 287.0725pt>
File: Rmd-ex-paper-more-03Oct2021_files/figure-latex/unnamed-chunk-227-1.pdf Gr
aphic file (type pdf)
<use Rmd-ex-paper-more-03Oct2021_files/figure-latex/unnamed-chunk-227-1.pdf>
Package pdftex.def Info: Rmd-ex-paper-more-03Oct2021_files/figure-latex/unnamed
-chunk-227-1.pdf  used on input line 6786.
(pdftex.def)             Requested size: 469.75792pt x 195.56152pt.
<Rmd-ex-paper-more-03Oct2021_files/figure-latex/unnamed-chunk-228-1.pdf, id=125
4, 689.57625pt x 287.0725pt>
File: Rmd-ex-paper-more-03Oct2021_files/figure-latex/unnamed-chunk-228-1.pdf Gr
aphic file (type pdf)
<use Rmd-ex-paper-more-03Oct2021_files/figure-latex/unnamed-chunk-228-1.pdf>
Package pdftex.def Info: Rmd-ex-paper-more-03Oct2021_files/figure-latex/unnamed
-chunk-228-1.pdf  used on input line 6802.
(pdftex.def)             Requested size: 469.75792pt x 195.56152pt.
<Rmd-ex-paper-more-03Oct2021_files/figure-latex/unnamed-chunk-230-1.pdf, id=125
5, 439.6425pt x 286.06876pt>
File: Rmd-ex-paper-more-03Oct2021_files/figure-latex/unnamed-chunk-230-1.pdf Gr
aphic file (type pdf)
<use Rmd-ex-paper-more-03Oct2021_files/figure-latex/unnamed-chunk-230-1.pdf>
Package pdftex.def Info: Rmd-ex-paper-more-03Oct2021_files/figure-latex/unnamed
-chunk-230-1.pdf  used on input line 6817.
(pdftex.def)             Requested size: 439.64812pt x 286.07242pt.
[109 <./Rmd-ex-paper-more-03Oct2021_files/figure-latex/unnamed-chunk-227-1.pdf>
 <./Rmd-ex-paper-more-03Oct2021_files/figure-latex/unnamed-chunk-228-1.pdf>] [1
10 <./Rmd-ex-paper-more-03Oct2021_files/figure-latex/unnamed-chunk-230-1.pdf>]
<Rmd-ex-paper-more-03Oct2021_files/figure-latex/unnamed-chunk-232-1.pdf, id=128
7, 439.6425pt x 286.06876pt>
File: Rmd-ex-paper-more-03Oct2021_files/figure-latex/unnamed-chunk-232-1.pdf Gr
aphic file (type pdf)
<use Rmd-ex-paper-more-03Oct2021_files/figure-latex/unnamed-chunk-232-1.pdf>
Package pdftex.def Info: Rmd-ex-paper-more-03Oct2021_files/figure-latex/unnamed
-chunk-232-1.pdf  used on input line 6864.
(pdftex.def)             Requested size: 439.64812pt x 286.07242pt.
[111 <./Rmd-ex-paper-more-03Oct2021_files/figure-latex/unnamed-chunk-232-1.pdf>
] [112]
<Rmd-ex-paper-more-03Oct2021_files/figure-latex/unnamed-chunk-240-1.pdf, id=130
9, 527.9725pt x 527.9725pt>
File: Rmd-ex-paper-more-03Oct2021_files/figure-latex/unnamed-chunk-240-1.pdf Gr
aphic file (type pdf)
<use Rmd-ex-paper-more-03Oct2021_files/figure-latex/unnamed-chunk-240-1.pdf>
Package pdftex.def Info: Rmd-ex-paper-more-03Oct2021_files/figure-latex/unnamed
-chunk-240-1.pdf  used on input line 7078.
(pdftex.def)             Requested size: 469.7571pt x 469.7571pt.
[113] [114 <./Rmd-ex-paper-more-03Oct2021_files/figure-latex/unnamed-chunk-240-
1.pdf>] [115] [116]
<Rmd-ex-paper-more-03Oct2021_files/figure-latex/unnamed-chunk-246-1.pdf, id=133
9, 439.6425pt x 251.94125pt>
File: Rmd-ex-paper-more-03Oct2021_files/figure-latex/unnamed-chunk-246-1.pdf Gr
aphic file (type pdf)
<use Rmd-ex-paper-more-03Oct2021_files/figure-latex/unnamed-chunk-246-1.pdf>
Package pdftex.def Info: Rmd-ex-paper-more-03Oct2021_files/figure-latex/unnamed
-chunk-246-1.pdf  used on input line 7292.
(pdftex.def)             Requested size: 439.64142pt x 251.94063pt.
[117 <./Rmd-ex-paper-more-03Oct2021_files/figure-latex/unnamed-chunk-246-1.pdf>
] [118]
<Rmd-ex-paper-more-03Oct2021_files/figure-latex/unnamed-chunk-251-1.pdf, id=135
5, 439.6425pt x 252.945pt>
File: Rmd-ex-paper-more-03Oct2021_files/figure-latex/unnamed-chunk-251-1.pdf Gr
aphic file (type pdf)
<use Rmd-ex-paper-more-03Oct2021_files/figure-latex/unnamed-chunk-251-1.pdf>
Package pdftex.def Info: Rmd-ex-paper-more-03Oct2021_files/figure-latex/unnamed
-chunk-251-1.pdf  used on input line 7434.
(pdftex.def)             Requested size: 439.64812pt x 252.94823pt.
[119 <./Rmd-ex-paper-more-03Oct2021_files/figure-latex/unnamed-chunk-251-1.pdf>
] [120]
<Rmd-ex-paper-more-03Oct2021_files/figure-latex/unnamed-chunk-262-1.pdf, id=137
3, 823.075pt x 397.485pt>
File: Rmd-ex-paper-more-03Oct2021_files/figure-latex/unnamed-chunk-262-1.pdf Gr
aphic file (type pdf)
<use Rmd-ex-paper-more-03Oct2021_files/figure-latex/unnamed-chunk-262-1.pdf>
Package pdftex.def Info: Rmd-ex-paper-more-03Oct2021_files/figure-latex/unnamed
-chunk-262-1.pdf  used on input line 7625.
(pdftex.def)             Requested size: 469.76045pt x 226.85992pt.
[121 <./Rmd-ex-paper-more-03Oct2021_files/figure-latex/unnamed-chunk-262-1.pdf>
]
<Rmd-ex-paper-more-03Oct2021_files/figure-latex/unnamed-chunk-265-1.pdf, id=138
7, 821.0675pt x 397.485pt>
File: Rmd-ex-paper-more-03Oct2021_files/figure-latex/unnamed-chunk-265-1.pdf Gr
aphic file (type pdf)
<use Rmd-ex-paper-more-03Oct2021_files/figure-latex/unnamed-chunk-265-1.pdf>
Package pdftex.def Info: Rmd-ex-paper-more-03Oct2021_files/figure-latex/unnamed
-chunk-265-1.pdf  used on input line 7695.
(pdftex.def)             Requested size: 469.7548pt x 227.41185pt.
[122 <./Rmd-ex-paper-more-03Oct2021_files/figure-latex/unnamed-chunk-265-1.pdf>
]
<Rmd-ex-paper-more-03Oct2021_files/figure-latex/unnamed-chunk-268-1.pdf, id=140
0, 827.09pt x 391.4625pt>
File: Rmd-ex-paper-more-03Oct2021_files/figure-latex/unnamed-chunk-268-1.pdf Gr
aphic file (type pdf)
<use Rmd-ex-paper-more-03Oct2021_files/figure-latex/unnamed-chunk-268-1.pdf>
Package pdftex.def Info: Rmd-ex-paper-more-03Oct2021_files/figure-latex/unnamed
-chunk-268-1.pdf  used on input line 7756.
(pdftex.def)             Requested size: 469.76768pt x 222.34149pt.
[123 <./Rmd-ex-paper-more-03Oct2021_files/figure-latex/unnamed-chunk-268-1.pdf>
] [124] [125]
<Rmd-ex-paper-more-03Oct2021_files/figure-latex/unnamed-chunk-273-1.pdf, id=143
1, 434.62375pt x 250.9375pt>
File: Rmd-ex-paper-more-03Oct2021_files/figure-latex/unnamed-chunk-273-1.pdf Gr
aphic file (type pdf)
<use Rmd-ex-paper-more-03Oct2021_files/figure-latex/unnamed-chunk-273-1.pdf>
Package pdftex.def Info: Rmd-ex-paper-more-03Oct2021_files/figure-latex/unnamed
-chunk-273-1.pdf  used on input line 8034.
(pdftex.def)             Requested size: 434.64256pt x 250.94835pt.
[126] [127 <./Rmd-ex-paper-more-03Oct2021_files/figure-latex/unnamed-chunk-273-
1.pdf>]
<Rmd-ex-paper-more-03Oct2021_files/figure-latex/unnamed-chunk-277-1.pdf, id=145
1, 434.62375pt x 250.9375pt>
File: Rmd-ex-paper-more-03Oct2021_files/figure-latex/unnamed-chunk-277-1.pdf Gr
aphic file (type pdf)
<use Rmd-ex-paper-more-03Oct2021_files/figure-latex/unnamed-chunk-277-1.pdf>
Package pdftex.def Info: Rmd-ex-paper-more-03Oct2021_files/figure-latex/unnamed
-chunk-277-1.pdf  used on input line 8161.
(pdftex.def)             Requested size: 434.64256pt x 250.94835pt.
[128]

Package amsmath Warning: Foreign command \atopwithdelims;
(amsmath)                \frac or \genfrac should be used instead
(amsmath)                 on input line 8202.

[129 <./Rmd-ex-paper-more-03Oct2021_files/figure-latex/unnamed-chunk-277-1.pdf>
] [130] [131] [132] [133] [134] [135] [136] [137] [138] [139] [140]
<Rmd-ex-paper-more-03Oct2021_files/figure-latex/unnamed-chunk-305-1.pdf, id=152
3, 437.635pt x 286.06876pt>
File: Rmd-ex-paper-more-03Oct2021_files/figure-latex/unnamed-chunk-305-1.pdf Gr
aphic file (type pdf)
<use Rmd-ex-paper-more-03Oct2021_files/figure-latex/unnamed-chunk-305-1.pdf>
Package pdftex.def Info: Rmd-ex-paper-more-03Oct2021_files/figure-latex/unnamed
-chunk-305-1.pdf  used on input line 9175.
(pdftex.def)             Requested size: 437.6406pt x 286.07242pt.
[141 <./Rmd-ex-paper-more-03Oct2021_files/figure-latex/unnamed-chunk-305-1.pdf>
]
<Rmd-ex-paper-more-03Oct2021_files/figure-latex/unnamed-chunk-312-1.pdf, id=153
6, 527.9725pt x 527.9725pt>
File: Rmd-ex-paper-more-03Oct2021_files/figure-latex/unnamed-chunk-312-1.pdf Gr
aphic file (type pdf)
<use Rmd-ex-paper-more-03Oct2021_files/figure-latex/unnamed-chunk-312-1.pdf>
Package pdftex.def Info: Rmd-ex-paper-more-03Oct2021_files/figure-latex/unnamed
-chunk-312-1.pdf  used on input line 9317.
(pdftex.def)             Requested size: 469.7571pt x 469.7571pt.
[142] [143 <./Rmd-ex-paper-more-03Oct2021_files/figure-latex/unnamed-chunk-312-
1.pdf>] [144] [145]
<Rmd-ex-paper-more-03Oct2021_files/figure-latex/unnamed-chunk-321-1.pdf, id=156
8, 434.62375pt x 250.9375pt>
File: Rmd-ex-paper-more-03Oct2021_files/figure-latex/unnamed-chunk-321-1.pdf Gr
aphic file (type pdf)
<use Rmd-ex-paper-more-03Oct2021_files/figure-latex/unnamed-chunk-321-1.pdf>
Package pdftex.def Info: Rmd-ex-paper-more-03Oct2021_files/figure-latex/unnamed
-chunk-321-1.pdf  used on input line 9579.
(pdftex.def)             Requested size: 434.64256pt x 250.94835pt.
[146 <./Rmd-ex-paper-more-03Oct2021_files/figure-latex/unnamed-chunk-321-1.pdf>
] [147] (Rmd-ex-paper-more-03Oct2021.aux) ) 
Here is how much of TeX's memory you used:
 14834 strings out of 478927
 254992 string characters out of 2862888
 571661 words of memory out of 3000000
 31794 multiletter control sequences out of 15000+600000
 483326 words of font info for 211 fonts, out of 8000000 for 9000
 1141 hyphenation exceptions out of 8191
 74i,9n,80p,706b,477s stack positions out of 5000i,500n,10000p,200000b,80000s
{C:/Users/root/miktex29/fonts/enc/dv
ips/lm/lm-ec.enc}{C:/Users/root/miktex29/fonts/enc/dvips/lm/lm-mathit.enc}{C:/U
sers/root/miktex29/fonts/enc/dvips/lm/lm-rm.enc}{C:/Users/root/miktex29/fonts/e
nc/dvips/lm/lm-ts1.enc}{C:/Users/root/miktex29/fonts/enc/dvips/lm/lm-mathex.enc
}{C:/Users/root/miktex29/fonts/enc/dvips/lm/lm-mathsy.enc}<C:/Users/root/miktex
29/fonts/type1/public/lm/lmbx10.pfb><C:/Users/root/miktex29/fonts/type1/public/
lm/lmbx12.pfb><C:/Users/root/miktex29/fonts/type1/public/lm/lmex10.pfb><C:/User
s/root/miktex29/fonts/type1/public/lm/lmmi10.pfb><C:/Users/root/miktex29/fonts/
type1/public/lm/lmmi5.pfb><C:/Users/root/miktex29/fonts/type1/public/lm/lmmi7.p
fb><C:/Users/root/miktex29/fonts/type1/public/lm/lmmib10.pfb><C:/Users/root/mik
tex29/fonts/type1/public/lm/lmr10.pfb><C:/Users/root/miktex29/fonts/type1/publi
c/lm/lmr12.pfb><C:/Users/root/miktex29/fonts/type1/public/lm/lmr17.pfb><C:/User
s/root/miktex29/fonts/type1/public/lm/lmr5.pfb><C:/Users/root/miktex29/fonts/ty
pe1/public/lm/lmr7.pfb><C:/Users/root/miktex29/fonts/type1/public/lm/lmri10.pfb
><C:/Users/root/miktex29/fonts/type1/public/lm/lmsy10.pfb><C:/Users/root/miktex
29/fonts/type1/public/lm/lmsy7.pfb><C:/Users/root/miktex29/fonts/type1/public/l
m/lmtk10.pfb><C:/Users/root/miktex29/fonts/type1/public/lm/lmtt10.pfb><C:/Users
/root/miktex29/fonts/type1/public/lm/lmtti10.pfb>
Output written on Rmd-ex-paper-more-03Oct2021.pdf (147 pages, 3981074 bytes).
PDF statistics:
 1943 PDF objects out of 2073 (max. 8388607)
 287 named destinations out of 1000 (max. 500000)
 41954 words of extra memory for PDF output out of 42996 (max. 10000000)

